{"/Users/lzhu9/Develop/nightwatch-extra/lib/assertions/elContainsText.js":{"path":"/Users/lzhu9/Develop/nightwatch-extra/lib/assertions/elContainsText.js","s":{"1":1,"2":1,"3":1,"4":1,"5":1,"6":1,"7":1,"8":1,"9":9,"10":9,"11":9,"12":1,"13":1,"14":4,"15":4,"16":4,"17":4,"18":4,"19":4,"20":4,"21":0,"22":0,"23":4,"24":4,"25":4,"26":4,"27":4,"28":0,"29":0,"30":1,"31":4,"32":4,"33":4,"34":4,"35":4,"36":4,"37":4,"38":4,"39":4,"40":4,"41":4,"42":1,"43":4,"44":2,"45":2,"46":1,"47":4,"48":1},"b":{"1":[4,0],"2":[4,0],"3":[4,0,0],"4":[0,4],"5":[4,0],"6":[4,4],"7":[2,2],"8":[4,4,2]},"f":{"1":9,"2":4,"3":4,"4":4,"5":4,"6":4},"fnMap":{"1":{"name":"ElContainsText","line":14,"loc":{"start":{"line":14,"column":0},"end":{"line":14,"column":57}}},"2":{"name":"(anonymous_2)","line":22,"loc":{"start":{"line":22,"column":43},"end":{"line":22,"column":55}}},"3":{"name":"(anonymous_3)","line":27,"loc":{"start":{"line":27,"column":4},"end":{"line":27,"column":22}}},"4":{"name":"(anonymous_4)","line":60,"loc":{"start":{"line":60,"column":35},"end":{"line":60,"column":78}}},"5":{"name":"(anonymous_5)","line":79,"loc":{"start":{"line":79,"column":34},"end":{"line":79,"column":62}}},"6":{"name":"(anonymous_6)","line":89,"loc":{"start":{"line":89,"column":45},"end":{"line":89,"column":68}}}},"statementMap":{"1":{"start":{"line":3,"column":0},"end":{"line":4,"column":45}},"2":{"start":{"line":6,"column":0},"end":{"line":6,"column":56}},"3":{"start":{"line":8,"column":0},"end":{"line":8,"column":38}},"4":{"start":{"line":9,"column":0},"end":{"line":9,"column":47}},"5":{"start":{"line":10,"column":0},"end":{"line":10,"column":43}},"6":{"start":{"line":11,"column":0},"end":{"line":11,"column":33}},"7":{"start":{"line":12,"column":0},"end":{"line":12,"column":39}},"8":{"start":{"line":14,"column":0},"end":{"line":18,"column":1}},"9":{"start":{"line":15,"column":2},"end":{"line":15,"column":62}},"10":{"start":{"line":16,"column":2},"end":{"line":16,"column":30}},"11":{"start":{"line":17,"column":2},"end":{"line":17,"column":57}},"12":{"start":{"line":20,"column":0},"end":{"line":20,"column":47}},"13":{"start":{"line":22,"column":0},"end":{"line":58,"column":2}},"14":{"start":{"line":23,"column":2},"end":{"line":23,"column":18}},"15":{"start":{"line":25,"column":2},"end":{"line":57,"column":7}},"16":{"start":{"line":29,"column":6},"end":{"line":31,"column":7}},"17":{"start":{"line":30,"column":8},"end":{"line":30,"column":28}},"18":{"start":{"line":33,"column":6},"end":{"line":33,"column":60}},"19":{"start":{"line":37,"column":6},"end":{"line":56,"column":7}},"20":{"start":{"line":40,"column":8},"end":{"line":43,"column":9}},"21":{"start":{"line":41,"column":10},"end":{"line":41,"column":188}},"22":{"start":{"line":42,"column":10},"end":{"line":42,"column":139}},"23":{"start":{"line":45,"column":8},"end":{"line":53,"column":9}},"24":{"start":{"line":47,"column":10},"end":{"line":47,"column":46}},"25":{"start":{"line":48,"column":10},"end":{"line":48,"column":63}},"26":{"start":{"line":49,"column":10},"end":{"line":49,"column":41}},"27":{"start":{"line":50,"column":10},"end":{"line":50,"column":83}},"28":{"start":{"line":52,"column":10},"end":{"line":52,"column":63}},"29":{"start":{"line":55,"column":8},"end":{"line":55,"column":56}},"30":{"start":{"line":60,"column":0},"end":{"line":77,"column":2}},"31":{"start":{"line":61,"column":2},"end":{"line":61,"column":18}},"32":{"start":{"line":63,"column":2},"end":{"line":63,"column":51}},"33":{"start":{"line":64,"column":2},"end":{"line":64,"column":40}},"34":{"start":{"line":66,"column":2},"end":{"line":67,"column":34}},"35":{"start":{"line":68,"column":2},"end":{"line":68,"column":83}},"36":{"start":{"line":69,"column":2},"end":{"line":69,"column":108}},"37":{"start":{"line":71,"column":2},"end":{"line":71,"column":42}},"38":{"start":{"line":72,"column":2},"end":{"line":72,"column":21}},"39":{"start":{"line":73,"column":2},"end":{"line":73,"column":16}},"40":{"start":{"line":74,"column":2},"end":{"line":74,"column":25}},"41":{"start":{"line":76,"column":2},"end":{"line":76,"column":14}},"42":{"start":{"line":79,"column":0},"end":{"line":87,"column":2}},"43":{"start":{"line":80,"column":2},"end":{"line":86,"column":3}},"44":{"start":{"line":83,"column":4},"end":{"line":83,"column":67}},"45":{"start":{"line":85,"column":4},"end":{"line":85,"column":46}},"46":{"start":{"line":89,"column":0},"end":{"line":91,"column":2}},"47":{"start":{"line":90,"column":2},"end":{"line":90,"column":38}},"48":{"start":{"line":93,"column":0},"end":{"line":93,"column":32}}},"branchMap":{"1":{"line":29,"type":"if","locations":[{"start":{"line":29,"column":6},"end":{"line":29,"column":6}},{"start":{"line":29,"column":6},"end":{"line":29,"column":6}}]},"2":{"line":37,"type":"if","locations":[{"start":{"line":37,"column":6},"end":{"line":37,"column":6}},{"start":{"line":37,"column":6},"end":{"line":37,"column":6}}]},"3":{"line":37,"type":"binary-expr","locations":[{"start":{"line":37,"column":10},"end":{"line":37,"column":37}},{"start":{"line":37,"column":41},"end":{"line":37,"column":67}},{"start":{"line":37,"column":71},"end":{"line":37,"column":92}}]},"4":{"line":40,"type":"if","locations":[{"start":{"line":40,"column":8},"end":{"line":40,"column":8}},{"start":{"line":40,"column":8},"end":{"line":40,"column":8}}]},"5":{"line":45,"type":"if","locations":[{"start":{"line":45,"column":8},"end":{"line":45,"column":8}},{"start":{"line":45,"column":8},"end":{"line":45,"column":8}}]},"6":{"line":45,"type":"binary-expr","locations":[{"start":{"line":45,"column":12},"end":{"line":45,"column":38}},{"start":{"line":45,"column":42},"end":{"line":45,"column":69}}]},"7":{"line":80,"type":"if","locations":[{"start":{"line":80,"column":2},"end":{"line":80,"column":2}},{"start":{"line":80,"column":2},"end":{"line":80,"column":2}}]},"8":{"line":80,"type":"binary-expr","locations":[{"start":{"line":80,"column":6},"end":{"line":80,"column":28}},{"start":{"line":81,"column":8},"end":{"line":81,"column":36}},{"start":{"line":82,"column":9},"end":{"line":82,"column":45}}]}}},"/Users/lzhu9/Develop/nightwatch-extra/lib/util/selector.js":{"path":"/Users/lzhu9/Develop/nightwatch-extra/lib/util/selector.js","s":{"1":1,"2":1,"3":38,"4":0,"5":0,"6":0,"7":38,"8":59,"9":59,"10":0,"11":59},"b":{"1":[0,38],"2":[0,59]},"f":{"1":38,"2":0,"3":59},"fnMap":{"1":{"name":"(anonymous_1)","line":15,"loc":{"start":{"line":15,"column":13},"end":{"line":15,"column":33}}},"2":{"name":"(anonymous_2)","line":17,"loc":{"start":{"line":17,"column":51},"end":{"line":17,"column":66}}},"3":{"name":"(anonymous_3)","line":35,"loc":{"start":{"line":35,"column":19},"end":{"line":35,"column":55}}}},"statementMap":{"1":{"start":{"line":1,"column":0},"end":{"line":2,"column":48}},"2":{"start":{"line":4,"column":0},"end":{"line":44,"column":1}},"3":{"start":{"line":16,"column":4},"end":{"line":22,"column":5}},"4":{"start":{"line":17,"column":6},"end":{"line":21,"column":9}},"5":{"start":{"line":19,"column":8},"end":{"line":19,"column":47}},"6":{"start":{"line":20,"column":8},"end":{"line":20,"column":48}},"7":{"start":{"line":23,"column":4},"end":{"line":23,"column":20}},"8":{"start":{"line":36,"column":4},"end":{"line":36,"column":23}},"9":{"start":{"line":38,"column":4},"end":{"line":40,"column":5}},"10":{"start":{"line":39,"column":6},"end":{"line":39,"column":38}},"11":{"start":{"line":42,"column":4},"end":{"line":42,"column":15}}},"branchMap":{"1":{"line":16,"type":"if","locations":[{"start":{"line":16,"column":4},"end":{"line":16,"column":4}},{"start":{"line":16,"column":4},"end":{"line":16,"column":4}}]},"2":{"line":38,"type":"if","locations":[{"start":{"line":38,"column":4},"end":{"line":38,"column":4}},{"start":{"line":38,"column":4},"end":{"line":38,"column":4}}]}}},"/Users/lzhu9/Develop/nightwatch-extra/lib/base-test-class.js":{"path":"/Users/lzhu9/Develop/nightwatch-extra/lib/base-test-class.js","s":{"1":1,"2":1,"3":1,"4":1,"5":1,"6":1,"7":1,"8":1,"9":1,"10":0,"11":0,"12":1,"13":1,"14":1,"15":1,"16":0,"17":0,"18":0,"19":1,"20":1,"21":0,"22":0,"23":0,"24":1,"25":1,"26":1,"27":1,"28":7,"29":7,"30":7,"31":7,"32":7,"33":7,"34":7,"35":7,"36":7,"37":7,"38":7,"39":0,"40":7,"41":28,"42":28,"43":28,"44":1,"45":4,"46":4,"47":4,"48":4,"49":4,"50":1,"51":1,"52":1,"53":0,"54":0,"55":0,"56":0,"57":1,"58":1,"59":1,"60":1,"61":1,"62":1,"63":1,"64":1,"65":1,"66":1,"67":1,"68":1,"69":1,"70":1,"71":1,"72":1,"73":1,"74":1,"75":1,"76":1,"77":1,"78":1,"79":0,"80":1,"81":1,"82":1,"83":1,"84":0,"85":1,"86":1},"b":{"1":[0,1],"2":[0,1],"3":[0,0],"4":[0,1],"5":[0,0],"6":[0,0],"7":[7,0],"8":[7,0],"9":[28,0],"10":[28,0],"11":[1,0],"12":[0,1],"13":[0,0],"14":[0,0],"15":[0,0],"16":[1,0],"17":[1,0],"18":[1,0],"19":[1,0],"20":[1,0],"21":[1,0],"22":[1,0],"23":[1,0],"24":[0,1],"25":[1,0],"26":[0,1]},"f":{"1":1,"2":1,"3":1,"4":1,"5":7,"6":7,"7":28,"8":4,"9":1,"10":0,"11":1,"12":1,"13":1,"14":1,"15":1},"fnMap":{"1":{"name":"(anonymous_1)","line":11,"loc":{"start":{"line":11,"column":19},"end":{"line":11,"column":37}}},"2":{"name":"(anonymous_2)","line":20,"loc":{"start":{"line":20,"column":23},"end":{"line":20,"column":54}}},"3":{"name":"(anonymous_3)","line":34,"loc":{"start":{"line":34,"column":22},"end":{"line":34,"column":40}}},"4":{"name":"(anonymous_4)","line":50,"loc":{"start":{"line":50,"column":23},"end":{"line":50,"column":54}}},"5":{"name":"(anonymous_5)","line":75,"loc":{"start":{"line":75,"column":23},"end":{"line":75,"column":61}}},"6":{"name":"(anonymous_6)","line":90,"loc":{"start":{"line":90,"column":29},"end":{"line":90,"column":42}}},"7":{"name":"(anonymous_7)","line":98,"loc":{"start":{"line":98,"column":22},"end":{"line":98,"column":35}}},"8":{"name":"(anonymous_8)","line":107,"loc":{"start":{"line":107,"column":10},"end":{"line":107,"column":28}}},"9":{"name":"(anonymous_9)","line":121,"loc":{"start":{"line":121,"column":14},"end":{"line":121,"column":32}}},"10":{"name":"(anonymous_10)","line":132,"loc":{"start":{"line":132,"column":37},"end":{"line":132,"column":56}}},"11":{"name":"(anonymous_11)","line":156,"loc":{"start":{"line":156,"column":13},"end":{"line":156,"column":41}}},"12":{"name":"(anonymous_12)","line":188,"loc":{"start":{"line":188,"column":9},"end":{"line":188,"column":37}}},"13":{"name":"(anonymous_13)","line":200,"loc":{"start":{"line":200,"column":12},"end":{"line":200,"column":24}}},"14":{"name":"(anonymous_14)","line":203,"loc":{"start":{"line":203,"column":12},"end":{"line":203,"column":24}}},"15":{"name":"(anonymous_15)","line":206,"loc":{"start":{"line":206,"column":12},"end":{"line":206,"column":24}}}},"statementMap":{"1":{"start":{"line":5,"column":0},"end":{"line":9,"column":38}},"2":{"start":{"line":11,"column":0},"end":{"line":18,"column":2}},"3":{"start":{"line":13,"column":2},"end":{"line":13,"column":27}},"4":{"start":{"line":15,"column":2},"end":{"line":15,"column":15}},"5":{"start":{"line":16,"column":2},"end":{"line":16,"column":21}},"6":{"start":{"line":17,"column":2},"end":{"line":17,"column":26}},"7":{"start":{"line":20,"column":0},"end":{"line":32,"column":2}},"8":{"start":{"line":22,"column":2},"end":{"line":22,"column":27}},"9":{"start":{"line":24,"column":2},"end":{"line":29,"column":3}},"10":{"start":{"line":25,"column":4},"end":{"line":25,"column":57}},"11":{"start":{"line":26,"column":4},"end":{"line":26,"column":61}},"12":{"start":{"line":28,"column":4},"end":{"line":28,"column":23}},"13":{"start":{"line":31,"column":2},"end":{"line":31,"column":26}},"14":{"start":{"line":34,"column":0},"end":{"line":48,"column":2}},"15":{"start":{"line":35,"column":2},"end":{"line":47,"column":3}},"16":{"start":{"line":36,"column":4},"end":{"line":36,"column":45}},"17":{"start":{"line":40,"column":4},"end":{"line":46,"column":5}},"18":{"start":{"line":41,"column":6},"end":{"line":45,"column":9}},"19":{"start":{"line":50,"column":0},"end":{"line":73,"column":2}},"20":{"start":{"line":52,"column":2},"end":{"line":68,"column":3}},"21":{"start":{"line":53,"column":4},"end":{"line":53,"column":45}},"22":{"start":{"line":54,"column":4},"end":{"line":67,"column":5}},"23":{"start":{"line":55,"column":6},"end":{"line":66,"column":9}},"24":{"start":{"line":70,"column":2},"end":{"line":70,"column":27}},"25":{"start":{"line":71,"column":2},"end":{"line":71,"column":21}},"26":{"start":{"line":72,"column":2},"end":{"line":72,"column":26}},"27":{"start":{"line":75,"column":0},"end":{"line":104,"column":2}},"28":{"start":{"line":76,"column":2},"end":{"line":76,"column":18}},"29":{"start":{"line":77,"column":2},"end":{"line":77,"column":67}},"30":{"start":{"line":79,"column":2},"end":{"line":79,"column":36}},"31":{"start":{"line":80,"column":2},"end":{"line":80,"column":26}},"32":{"start":{"line":82,"column":2},"end":{"line":85,"column":3}},"33":{"start":{"line":83,"column":4},"end":{"line":83,"column":49}},"34":{"start":{"line":84,"column":4},"end":{"line":84,"column":38}},"35":{"start":{"line":87,"column":2},"end":{"line":87,"column":52}},"36":{"start":{"line":90,"column":2},"end":{"line":96,"column":5}},"37":{"start":{"line":91,"column":4},"end":{"line":95,"column":5}},"38":{"start":{"line":92,"column":6},"end":{"line":92,"column":87}},"39":{"start":{"line":94,"column":6},"end":{"line":94,"column":76}},"40":{"start":{"line":98,"column":2},"end":{"line":103,"column":5}},"41":{"start":{"line":99,"column":4},"end":{"line":99,"column":57}},"42":{"start":{"line":100,"column":4},"end":{"line":102,"column":5}},"43":{"start":{"line":101,"column":6},"end":{"line":101,"column":73}},"44":{"start":{"line":106,"column":0},"end":{"line":216,"column":2}},"45":{"start":{"line":108,"column":4},"end":{"line":108,"column":42}},"46":{"start":{"line":109,"column":4},"end":{"line":109,"column":23}},"47":{"start":{"line":110,"column":4},"end":{"line":110,"column":20}},"48":{"start":{"line":111,"column":4},"end":{"line":111,"column":42}},"49":{"start":{"line":115,"column":4},"end":{"line":115,"column":35}},"50":{"start":{"line":128,"column":4},"end":{"line":141,"column":5}},"51":{"start":{"line":129,"column":6},"end":{"line":129,"column":30}},"52":{"start":{"line":131,"column":6},"end":{"line":138,"column":7}},"53":{"start":{"line":132,"column":8},"end":{"line":136,"column":10}},"54":{"start":{"line":133,"column":10},"end":{"line":135,"column":11}},"55":{"start":{"line":134,"column":12},"end":{"line":134,"column":86}},"56":{"start":{"line":137,"column":8},"end":{"line":137,"column":67}},"57":{"start":{"line":140,"column":6},"end":{"line":140,"column":43}},"58":{"start":{"line":143,"column":4},"end":{"line":145,"column":5}},"59":{"start":{"line":144,"column":6},"end":{"line":144,"column":44}},"60":{"start":{"line":147,"column":4},"end":{"line":150,"column":5}},"61":{"start":{"line":148,"column":6},"end":{"line":148,"column":58}},"62":{"start":{"line":149,"column":6},"end":{"line":149,"column":36}},"63":{"start":{"line":157,"column":4},"end":{"line":169,"column":5}},"64":{"start":{"line":160,"column":6},"end":{"line":164,"column":7}},"65":{"start":{"line":163,"column":8},"end":{"line":163,"column":54}},"66":{"start":{"line":166,"column":6},"end":{"line":168,"column":7}},"67":{"start":{"line":167,"column":8},"end":{"line":167,"column":43}},"68":{"start":{"line":171,"column":4},"end":{"line":173,"column":5}},"69":{"start":{"line":172,"column":6},"end":{"line":172,"column":44}},"70":{"start":{"line":175,"column":4},"end":{"line":179,"column":5}},"71":{"start":{"line":176,"column":6},"end":{"line":176,"column":22}},"72":{"start":{"line":177,"column":6},"end":{"line":177,"column":58}},"73":{"start":{"line":178,"column":6},"end":{"line":178,"column":36}},"74":{"start":{"line":181,"column":4},"end":{"line":181,"column":15}},"75":{"start":{"line":189,"column":4},"end":{"line":189,"column":20}},"76":{"start":{"line":191,"column":4},"end":{"line":191,"column":43}},"77":{"start":{"line":192,"column":4},"end":{"line":192,"column":56}},"78":{"start":{"line":194,"column":4},"end":{"line":196,"column":5}},"79":{"start":{"line":195,"column":6},"end":{"line":195,"column":68}},"80":{"start":{"line":199,"column":4},"end":{"line":214,"column":9}},"81":{"start":{"line":201,"column":8},"end":{"line":201,"column":53}},"82":{"start":{"line":204,"column":8},"end":{"line":204,"column":36}},"83":{"start":{"line":207,"column":8},"end":{"line":212,"column":9}},"84":{"start":{"line":211,"column":10},"end":{"line":211,"column":28}},"85":{"start":{"line":213,"column":8},"end":{"line":213,"column":19}},"86":{"start":{"line":218,"column":0},"end":{"line":218,"column":34}}},"branchMap":{"1":{"line":24,"type":"if","locations":[{"start":{"line":24,"column":2},"end":{"line":24,"column":2}},{"start":{"line":24,"column":2},"end":{"line":24,"column":2}}]},"2":{"line":35,"type":"if","locations":[{"start":{"line":35,"column":2},"end":{"line":35,"column":2}},{"start":{"line":35,"column":2},"end":{"line":35,"column":2}}]},"3":{"line":40,"type":"if","locations":[{"start":{"line":40,"column":4},"end":{"line":40,"column":4}},{"start":{"line":40,"column":4},"end":{"line":40,"column":4}}]},"4":{"line":52,"type":"if","locations":[{"start":{"line":52,"column":2},"end":{"line":52,"column":2}},{"start":{"line":52,"column":2},"end":{"line":52,"column":2}}]},"5":{"line":54,"type":"if","locations":[{"start":{"line":54,"column":4},"end":{"line":54,"column":4}},{"start":{"line":54,"column":4},"end":{"line":54,"column":4}}]},"6":{"line":59,"type":"cond-expr","locations":[{"start":{"line":59,"column":38},"end":{"line":59,"column":42}},{"start":{"line":59,"column":45},"end":{"line":59,"column":50}}]},"7":{"line":82,"type":"if","locations":[{"start":{"line":82,"column":2},"end":{"line":82,"column":2}},{"start":{"line":82,"column":2},"end":{"line":82,"column":2}}]},"8":{"line":91,"type":"if","locations":[{"start":{"line":91,"column":4},"end":{"line":91,"column":4}},{"start":{"line":91,"column":4},"end":{"line":91,"column":4}}]},"9":{"line":99,"type":"binary-expr","locations":[{"start":{"line":99,"column":16},"end":{"line":99,"column":23}},{"start":{"line":99,"column":27},"end":{"line":99,"column":56}}]},"10":{"line":100,"type":"if","locations":[{"start":{"line":100,"column":4},"end":{"line":100,"column":4}},{"start":{"line":100,"column":4},"end":{"line":100,"column":4}}]},"11":{"line":128,"type":"if","locations":[{"start":{"line":128,"column":4},"end":{"line":128,"column":4}},{"start":{"line":128,"column":4},"end":{"line":128,"column":4}}]},"12":{"line":131,"type":"if","locations":[{"start":{"line":131,"column":6},"end":{"line":131,"column":6}},{"start":{"line":131,"column":6},"end":{"line":131,"column":6}}]},"13":{"line":133,"type":"if","locations":[{"start":{"line":133,"column":10},"end":{"line":133,"column":10}},{"start":{"line":133,"column":10},"end":{"line":133,"column":10}}]},"14":{"line":133,"type":"binary-expr","locations":[{"start":{"line":133,"column":14},"end":{"line":133,"column":21}},{"start":{"line":133,"column":25},"end":{"line":133,"column":50}}]},"15":{"line":134,"type":"binary-expr","locations":[{"start":{"line":134,"column":45},"end":{"line":134,"column":66}},{"start":{"line":134,"column":70},"end":{"line":134,"column":84}}]},"16":{"line":143,"type":"if","locations":[{"start":{"line":143,"column":4},"end":{"line":143,"column":4}},{"start":{"line":143,"column":4},"end":{"line":143,"column":4}}]},"17":{"line":147,"type":"if","locations":[{"start":{"line":147,"column":4},"end":{"line":147,"column":4}},{"start":{"line":147,"column":4},"end":{"line":147,"column":4}}]},"18":{"line":157,"type":"if","locations":[{"start":{"line":157,"column":4},"end":{"line":157,"column":4}},{"start":{"line":157,"column":4},"end":{"line":157,"column":4}}]},"19":{"line":160,"type":"if","locations":[{"start":{"line":160,"column":6},"end":{"line":160,"column":6}},{"start":{"line":160,"column":6},"end":{"line":160,"column":6}}]},"20":{"line":160,"type":"binary-expr","locations":[{"start":{"line":160,"column":10},"end":{"line":160,"column":29}},{"start":{"line":160,"column":33},"end":{"line":160,"column":52}}]},"21":{"line":166,"type":"if","locations":[{"start":{"line":166,"column":6},"end":{"line":166,"column":6}},{"start":{"line":166,"column":6},"end":{"line":166,"column":6}}]},"22":{"line":171,"type":"if","locations":[{"start":{"line":171,"column":4},"end":{"line":171,"column":4}},{"start":{"line":171,"column":4},"end":{"line":171,"column":4}}]},"23":{"line":175,"type":"if","locations":[{"start":{"line":175,"column":4},"end":{"line":175,"column":4}},{"start":{"line":175,"column":4},"end":{"line":175,"column":4}}]},"24":{"line":194,"type":"if","locations":[{"start":{"line":194,"column":4},"end":{"line":194,"column":4}},{"start":{"line":194,"column":4},"end":{"line":194,"column":4}}]},"25":{"line":194,"type":"binary-expr","locations":[{"start":{"line":194,"column":8},"end":{"line":194,"column":34}},{"start":{"line":194,"column":38},"end":{"line":194,"column":64}}]},"26":{"line":207,"type":"if","locations":[{"start":{"line":207,"column":8},"end":{"line":207,"column":8}},{"start":{"line":207,"column":8},"end":{"line":207,"column":8}}]}}},"/Users/lzhu9/Develop/nightwatch-extra/lib/settings.js":{"path":"/Users/lzhu9/Develop/nightwatch-extra/lib/settings.js","s":{"1":1,"2":1,"3":1,"4":1,"5":1,"6":1,"7":0,"8":1,"9":1,"10":1,"11":1,"12":1,"13":3,"14":3,"15":3,"16":3,"17":3,"18":3,"19":2,"20":0,"21":0,"22":0,"23":0,"24":0,"25":2,"26":1,"27":1,"28":1,"29":1,"30":1,"31":1,"32":1,"33":0,"34":1,"35":1,"36":1,"37":1,"38":1,"39":1,"40":1,"41":1,"42":1,"43":1},"b":{"1":[0,1],"2":[2,1],"3":[0,2],"4":[0,1],"5":[1,1],"6":[1,0],"7":[1,1]},"f":{"1":1,"2":3,"3":0},"fnMap":{"1":{"name":"(anonymous_1)","line":8,"loc":{"start":{"line":8,"column":16},"end":{"line":8,"column":28}}},"2":{"name":"(anonymous_2)","line":31,"loc":{"start":{"line":31,"column":17},"end":{"line":31,"column":29}}},"3":{"name":"(anonymous_3)","line":46,"loc":{"start":{"line":46,"column":27},"end":{"line":46,"column":51}}}},"statementMap":{"1":{"start":{"line":1,"column":0},"end":{"line":1,"column":23}},"2":{"start":{"line":2,"column":0},"end":{"line":2,"column":27}},"3":{"start":{"line":3,"column":0},"end":{"line":6,"column":8}},"4":{"start":{"line":8,"column":0},"end":{"line":63,"column":2}},"5":{"start":{"line":11,"column":2},"end":{"line":11,"column":27}},"6":{"start":{"line":14,"column":2},"end":{"line":16,"column":3}},"7":{"start":{"line":15,"column":4},"end":{"line":15,"column":59}},"8":{"start":{"line":19,"column":2},"end":{"line":19,"column":58}},"9":{"start":{"line":22,"column":2},"end":{"line":22,"column":59}},"10":{"start":{"line":25,"column":2},"end":{"line":25,"column":69}},"11":{"start":{"line":27,"column":2},"end":{"line":27,"column":22}},"12":{"start":{"line":31,"column":2},"end":{"line":60,"column":4}},"13":{"start":{"line":32,"column":4},"end":{"line":32,"column":45}},"14":{"start":{"line":33,"column":4},"end":{"line":33,"column":32}},"15":{"start":{"line":35,"column":4},"end":{"line":35,"column":13}},"16":{"start":{"line":36,"column":4},"end":{"line":40,"column":5}},"17":{"start":{"line":37,"column":6},"end":{"line":37,"column":49}},"18":{"start":{"line":42,"column":4},"end":{"line":59,"column":5}},"19":{"start":{"line":43,"column":6},"end":{"line":52,"column":7}},"20":{"start":{"line":44,"column":8},"end":{"line":44,"column":105}},"21":{"start":{"line":45,"column":8},"end":{"line":45,"column":56}},"22":{"start":{"line":46,"column":8},"end":{"line":48,"column":11}},"23":{"start":{"line":47,"column":10},"end":{"line":47,"column":45}},"24":{"start":{"line":49,"column":8},"end":{"line":49,"column":24}},"25":{"start":{"line":51,"column":8},"end":{"line":51,"column":26}},"26":{"start":{"line":54,"column":6},"end":{"line":54,"column":92}},"27":{"start":{"line":55,"column":6},"end":{"line":55,"column":46}},"28":{"start":{"line":56,"column":6},"end":{"line":58,"column":8}},"29":{"start":{"line":62,"column":2},"end":{"line":62,"column":20}},"30":{"start":{"line":65,"column":0},"end":{"line":65,"column":25}},"31":{"start":{"line":71,"column":0},"end":{"line":71,"column":19}},"32":{"start":{"line":72,"column":0},"end":{"line":76,"column":1}},"33":{"start":{"line":73,"column":2},"end":{"line":73,"column":54}},"34":{"start":{"line":75,"column":2},"end":{"line":75,"column":42}},"35":{"start":{"line":81,"column":0},"end":{"line":81,"column":32}},"36":{"start":{"line":82,"column":0},"end":{"line":82,"column":100}},"37":{"start":{"line":83,"column":0},"end":{"line":83,"column":33}},"38":{"start":{"line":84,"column":0},"end":{"line":84,"column":58}},"39":{"start":{"line":86,"column":0},"end":{"line":86,"column":45}},"40":{"start":{"line":87,"column":0},"end":{"line":91,"column":1}},"41":{"start":{"line":90,"column":2},"end":{"line":90,"column":98}},"42":{"start":{"line":93,"column":0},"end":{"line":93,"column":19}},"43":{"start":{"line":95,"column":0},"end":{"line":115,"column":2}}},"branchMap":{"1":{"line":14,"type":"if","locations":[{"start":{"line":14,"column":2},"end":{"line":14,"column":2}},{"start":{"line":14,"column":2},"end":{"line":14,"column":2}}]},"2":{"line":42,"type":"if","locations":[{"start":{"line":42,"column":4},"end":{"line":42,"column":4}},{"start":{"line":42,"column":4},"end":{"line":42,"column":4}}]},"3":{"line":43,"type":"if","locations":[{"start":{"line":43,"column":6},"end":{"line":43,"column":6}},{"start":{"line":43,"column":6},"end":{"line":43,"column":6}}]},"4":{"line":72,"type":"if","locations":[{"start":{"line":72,"column":0},"end":{"line":72,"column":0}},{"start":{"line":72,"column":0},"end":{"line":72,"column":0}}]},"5":{"line":82,"type":"binary-expr","locations":[{"start":{"line":82,"column":19},"end":{"line":82,"column":76}},{"start":{"line":82,"column":80},"end":{"line":82,"column":99}}]},"6":{"line":87,"type":"if","locations":[{"start":{"line":87,"column":0},"end":{"line":87,"column":0}},{"start":{"line":87,"column":0},"end":{"line":87,"column":0}}]},"7":{"line":87,"type":"binary-expr","locations":[{"start":{"line":87,"column":4},"end":{"line":87,"column":57}},{"start":{"line":88,"column":5},"end":{"line":88,"column":93}}]}}},"/Users/lzhu9/Develop/nightwatch-extra/lib/selenium-session-acquisition-wrapper.js":{"path":"/Users/lzhu9/Develop/nightwatch-extra/lib/selenium-session-acquisition-wrapper.js","s":{"1":1,"2":1,"3":0,"4":0,"5":0,"6":0,"7":0,"8":1,"9":7,"10":7,"11":0,"12":7,"13":7,"14":0,"15":0},"b":{"1":[0,0],"2":[0,0],"3":[0,7]},"f":{"1":0,"2":0,"3":7,"4":7,"5":0},"fnMap":{"1":{"name":"(anonymous_1)","line":3,"loc":{"start":{"line":3,"column":19},"end":{"line":3,"column":37}}},"2":{"name":"(anonymous_2)","line":4,"loc":{"start":{"line":4,"column":25},"end":{"line":4,"column":37}}},"3":{"name":"(anonymous_3)","line":21,"loc":{"start":{"line":21,"column":14},"end":{"line":21,"column":40}}},"4":{"name":"(anonymous_4)","line":22,"loc":{"start":{"line":22,"column":31},"end":{"line":22,"column":44}}},"5":{"name":"(anonymous_5)","line":33,"loc":{"start":{"line":33,"column":19},"end":{"line":33,"column":36}}}},"statementMap":{"1":{"start":{"line":1,"column":0},"end":{"line":1,"column":37}},"2":{"start":{"line":3,"column":0},"end":{"line":18,"column":2}},"3":{"start":{"line":4,"column":2},"end":{"line":17,"column":5}},"4":{"start":{"line":5,"column":4},"end":{"line":16,"column":5}},"5":{"start":{"line":6,"column":6},"end":{"line":6,"column":44}},"6":{"start":{"line":10,"column":6},"end":{"line":15,"column":7}},"7":{"start":{"line":11,"column":8},"end":{"line":14,"column":11}},"8":{"start":{"line":20,"column":0},"end":{"line":39,"column":2}},"9":{"start":{"line":22,"column":4},"end":{"line":37,"column":7}},"10":{"start":{"line":23,"column":6},"end":{"line":23,"column":51}},"11":{"start":{"line":23,"column":44},"end":{"line":23,"column":51}},"12":{"start":{"line":32,"column":6},"end":{"line":32,"column":36}},"13":{"start":{"line":33,"column":6},"end":{"line":36,"column":8}},"14":{"start":{"line":34,"column":8},"end":{"line":34,"column":38}},"15":{"start":{"line":35,"column":8},"end":{"line":35,"column":43}}},"branchMap":{"1":{"line":5,"type":"if","locations":[{"start":{"line":5,"column":4},"end":{"line":5,"column":4}},{"start":{"line":5,"column":4},"end":{"line":5,"column":4}}]},"2":{"line":10,"type":"if","locations":[{"start":{"line":10,"column":6},"end":{"line":10,"column":6}},{"start":{"line":10,"column":6},"end":{"line":10,"column":6}}]},"3":{"line":23,"type":"if","locations":[{"start":{"line":23,"column":6},"end":{"line":23,"column":6}},{"start":{"line":23,"column":6},"end":{"line":23,"column":6}}]}}},"/Users/lzhu9/Develop/nightwatch-extra/lib/assertions/base/baseElAssertion.js":{"path":"/Users/lzhu9/Develop/nightwatch-extra/lib/assertions/base/baseElAssertion.js","s":{"1":1,"2":1,"3":1,"4":1,"5":1,"6":1,"7":1,"8":1,"9":1,"10":81,"11":81,"12":81,"13":81,"14":81,"15":81,"16":81,"17":81,"18":81,"19":81,"20":81,"21":20,"22":1,"23":1,"24":1,"25":37,"26":37,"27":37,"28":37,"29":34,"30":34,"31":34,"32":34,"33":16,"34":34,"35":19,"36":19,"37":19,"38":1,"39":32,"40":32,"41":32,"42":32,"43":32,"44":32,"45":32,"46":32,"47":32,"48":0,"49":32,"50":28,"51":4,"52":2,"53":2,"54":2,"55":2,"56":2,"57":2,"58":2,"59":2,"60":1,"61":17,"62":17,"63":17,"64":17,"65":1,"66":13,"67":13,"68":13,"69":1},"b":{"1":[81,0],"2":[20,61],"3":[16,18],"4":[19,15],"5":[34,16,15,19,18],"6":[0,32],"7":[28,4],"8":[32,32,28],"9":[2,2],"10":[4,4,4,2]},"f":{"1":81,"2":37,"3":34,"4":32,"5":32,"6":17,"7":13},"fnMap":{"1":{"name":"BaseAssertion","line":11,"loc":{"start":{"line":11,"column":0},"end":{"line":11,"column":56}}},"2":{"name":"(anonymous_2)","line":40,"loc":{"start":{"line":40,"column":33},"end":{"line":40,"column":45}}},"3":{"name":"(anonymous_3)","line":46,"loc":{"start":{"line":46,"column":38},"end":{"line":46,"column":57}}},"4":{"name":"(anonymous_4)","line":64,"loc":{"start":{"line":64,"column":34},"end":{"line":64,"column":64}}},"5":{"name":"(anonymous_5)","line":75,"loc":{"start":{"line":75,"column":40},"end":{"line":75,"column":58}}},"6":{"name":"(anonymous_6)","line":118,"loc":{"start":{"line":118,"column":31},"end":{"line":118,"column":68}}},"7":{"name":"(anonymous_7)","line":132,"loc":{"start":{"line":132,"column":31},"end":{"line":132,"column":76}}}},"statementMap":{"1":{"start":{"line":1,"column":0},"end":{"line":1,"column":50}},"2":{"start":{"line":2,"column":0},"end":{"line":2,"column":27}},"3":{"start":{"line":4,"column":0},"end":{"line":4,"column":31}},"4":{"start":{"line":5,"column":0},"end":{"line":5,"column":26}},"5":{"start":{"line":6,"column":0},"end":{"line":6,"column":59}},"6":{"start":{"line":7,"column":0},"end":{"line":7,"column":50}},"7":{"start":{"line":8,"column":0},"end":{"line":8,"column":42}},"8":{"start":{"line":9,"column":0},"end":{"line":9,"column":41}},"9":{"start":{"line":11,"column":0},"end":{"line":34,"column":1}},"10":{"start":{"line":12,"column":2},"end":{"line":12,"column":26}},"11":{"start":{"line":13,"column":2},"end":{"line":13,"column":22}},"12":{"start":{"line":14,"column":2},"end":{"line":14,"column":21}},"13":{"start":{"line":15,"column":2},"end":{"line":15,"column":27}},"14":{"start":{"line":16,"column":2},"end":{"line":16,"column":27}},"15":{"start":{"line":17,"column":2},"end":{"line":17,"column":59}},"16":{"start":{"line":18,"column":2},"end":{"line":18,"column":23}},"17":{"start":{"line":20,"column":2},"end":{"line":24,"column":4}},"18":{"start":{"line":27,"column":2},"end":{"line":29,"column":3}},"19":{"start":{"line":28,"column":4},"end":{"line":28,"column":29}},"20":{"start":{"line":31,"column":2},"end":{"line":33,"column":3}},"21":{"start":{"line":32,"column":4},"end":{"line":32,"column":71}},"22":{"start":{"line":36,"column":0},"end":{"line":36,"column":43}},"23":{"start":{"line":38,"column":0},"end":{"line":38,"column":47}},"24":{"start":{"line":40,"column":0},"end":{"line":62,"column":2}},"25":{"start":{"line":41,"column":2},"end":{"line":41,"column":18}},"26":{"start":{"line":43,"column":2},"end":{"line":43,"column":56}},"27":{"start":{"line":44,"column":2},"end":{"line":44,"column":51}},"28":{"start":{"line":46,"column":2},"end":{"line":61,"column":5}},"29":{"start":{"line":47,"column":4},"end":{"line":47,"column":20}},"30":{"start":{"line":48,"column":4},"end":{"line":48,"column":33}},"31":{"start":{"line":49,"column":4},"end":{"line":49,"column":15}},"32":{"start":{"line":50,"column":4},"end":{"line":52,"column":5}},"33":{"start":{"line":51,"column":6},"end":{"line":51,"column":17}},"34":{"start":{"line":54,"column":4},"end":{"line":59,"column":5}},"35":{"start":{"line":56,"column":6},"end":{"line":56,"column":25}},"36":{"start":{"line":57,"column":6},"end":{"line":57,"column":55}},"37":{"start":{"line":58,"column":6},"end":{"line":58,"column":54}},"38":{"start":{"line":64,"column":0},"end":{"line":116,"column":2}},"39":{"start":{"line":65,"column":2},"end":{"line":65,"column":18}},"40":{"start":{"line":67,"column":2},"end":{"line":67,"column":36}},"41":{"start":{"line":68,"column":2},"end":{"line":68,"column":92}},"42":{"start":{"line":70,"column":2},"end":{"line":70,"column":30}},"43":{"start":{"line":71,"column":2},"end":{"line":71,"column":43}},"44":{"start":{"line":72,"column":2},"end":{"line":72,"column":44}},"45":{"start":{"line":73,"column":2},"end":{"line":73,"column":39}},"46":{"start":{"line":75,"column":2},"end":{"line":114,"column":5}},"47":{"start":{"line":76,"column":4},"end":{"line":78,"column":5}},"48":{"start":{"line":77,"column":6},"end":{"line":77,"column":78}},"49":{"start":{"line":79,"column":4},"end":{"line":113,"column":5}},"50":{"start":{"line":85,"column":6},"end":{"line":85,"column":40}},"51":{"start":{"line":86,"column":11},"end":{"line":113,"column":5}},"52":{"start":{"line":89,"column":6},"end":{"line":102,"column":9}},"53":{"start":{"line":104,"column":6},"end":{"line":104,"column":112}},"54":{"start":{"line":105,"column":6},"end":{"line":105,"column":24}},"55":{"start":{"line":106,"column":6},"end":{"line":110,"column":7}},"56":{"start":{"line":107,"column":8},"end":{"line":107,"column":42}},"57":{"start":{"line":109,"column":8},"end":{"line":109,"column":58}},"58":{"start":{"line":111,"column":6},"end":{"line":111,"column":51}},"59":{"start":{"line":112,"column":6},"end":{"line":112,"column":18}},"60":{"start":{"line":118,"column":0},"end":{"line":130,"column":2}},"61":{"start":{"line":119,"column":2},"end":{"line":119,"column":64}},"62":{"start":{"line":120,"column":2},"end":{"line":120,"column":97}},"63":{"start":{"line":122,"column":2},"end":{"line":127,"column":5}},"64":{"start":{"line":129,"column":2},"end":{"line":129,"column":24}},"65":{"start":{"line":132,"column":0},"end":{"line":137,"column":2}},"66":{"start":{"line":133,"column":2},"end":{"line":133,"column":56}},"67":{"start":{"line":135,"column":2},"end":{"line":135,"column":86}},"68":{"start":{"line":136,"column":2},"end":{"line":136,"column":24}},"69":{"start":{"line":139,"column":0},"end":{"line":139,"column":31}}},"branchMap":{"1":{"line":27,"type":"if","locations":[{"start":{"line":27,"column":2},"end":{"line":27,"column":2}},{"start":{"line":27,"column":2},"end":{"line":27,"column":2}}]},"2":{"line":31,"type":"if","locations":[{"start":{"line":31,"column":2},"end":{"line":31,"column":2}},{"start":{"line":31,"column":2},"end":{"line":31,"column":2}}]},"3":{"line":50,"type":"if","locations":[{"start":{"line":50,"column":4},"end":{"line":50,"column":4}},{"start":{"line":50,"column":4},"end":{"line":50,"column":4}}]},"4":{"line":54,"type":"if","locations":[{"start":{"line":54,"column":4},"end":{"line":54,"column":4}},{"start":{"line":54,"column":4},"end":{"line":54,"column":4}}]},"5":{"line":54,"type":"binary-expr","locations":[{"start":{"line":54,"column":9},"end":{"line":54,"column":12}},{"start":{"line":54,"column":16},"end":{"line":54,"column":61}},{"start":{"line":54,"column":65},"end":{"line":54,"column":128}},{"start":{"line":55,"column":10},"end":{"line":55,"column":12}},{"start":{"line":55,"column":16},"end":{"line":55,"column":79}}]},"6":{"line":76,"type":"if","locations":[{"start":{"line":76,"column":4},"end":{"line":76,"column":4}},{"start":{"line":76,"column":4},"end":{"line":76,"column":4}}]},"7":{"line":79,"type":"if","locations":[{"start":{"line":79,"column":4},"end":{"line":79,"column":4}},{"start":{"line":79,"column":4},"end":{"line":79,"column":4}}]},"8":{"line":79,"type":"binary-expr","locations":[{"start":{"line":79,"column":8},"end":{"line":79,"column":14}},{"start":{"line":79,"column":18},"end":{"line":79,"column":37}},{"start":{"line":79,"column":41},"end":{"line":79,"column":62}}]},"9":{"line":86,"type":"if","locations":[{"start":{"line":86,"column":11},"end":{"line":86,"column":11}},{"start":{"line":86,"column":11},"end":{"line":86,"column":11}}]},"10":{"line":86,"type":"binary-expr","locations":[{"start":{"line":86,"column":15},"end":{"line":86,"column":21}},{"start":{"line":86,"column":25},"end":{"line":86,"column":45}},{"start":{"line":86,"column":49},"end":{"line":86,"column":74}},{"start":{"line":86,"column":78},"end":{"line":86,"column":99}}]}}},"/Users/lzhu9/Develop/nightwatch-extra/lib/util/statsd.js":{"path":"/Users/lzhu9/Develop/nightwatch-extra/lib/util/statsd.js","s":{"1":1,"2":1,"3":1,"4":1,"5":1,"6":1,"7":1,"8":1,"9":1,"10":28,"11":28,"12":28,"13":28,"14":28,"15":28,"16":26,"17":2,"18":2,"19":2,"20":2,"21":2},"b":{"1":[0,1],"2":[2,26],"3":[2,26],"4":[2,26],"5":[2,26],"6":[2,26],"7":[26,2],"8":[28,2,2],"9":[2,0],"10":[2,0],"11":[2,0]},"f":{"1":28},"fnMap":{"1":{"name":"statd","line":14,"loc":{"start":{"line":14,"column":17},"end":{"line":14,"column":69}}}},"statementMap":{"1":{"start":{"line":1,"column":0},"end":{"line":1,"column":27}},"2":{"start":{"line":3,"column":0},"end":{"line":3,"column":26}},"3":{"start":{"line":4,"column":0},"end":{"line":4,"column":35}},"4":{"start":{"line":7,"column":0},"end":{"line":7,"column":59}},"5":{"start":{"line":8,"column":0},"end":{"line":8,"column":48}},"6":{"start":{"line":9,"column":0},"end":{"line":9,"column":49}},"7":{"start":{"line":10,"column":0},"end":{"line":10,"column":59}},"8":{"start":{"line":11,"column":0},"end":{"line":11,"column":44}},"9":{"start":{"line":14,"column":0},"end":{"line":60,"column":2}},"10":{"start":{"line":35,"column":2},"end":{"line":35,"column":80}},"11":{"start":{"line":36,"column":2},"end":{"line":36,"column":65}},"12":{"start":{"line":37,"column":2},"end":{"line":37,"column":65}},"13":{"start":{"line":38,"column":2},"end":{"line":38,"column":71}},"14":{"start":{"line":39,"column":2},"end":{"line":39,"column":74}},"15":{"start":{"line":41,"column":2},"end":{"line":43,"column":3}},"16":{"start":{"line":42,"column":4},"end":{"line":42,"column":11}},"17":{"start":{"line":45,"column":2},"end":{"line":53,"column":4}},"18":{"start":{"line":55,"column":2},"end":{"line":55,"column":89}},"19":{"start":{"line":57,"column":2},"end":{"line":57,"column":68}},"20":{"start":{"line":58,"column":2},"end":{"line":58,"column":82}},"21":{"start":{"line":59,"column":2},"end":{"line":59,"column":82}}},"branchMap":{"1":{"line":7,"type":"cond-expr","locations":[{"start":{"line":7,"column":46},"end":{"line":7,"column":50}},{"start":{"line":7,"column":53},"end":{"line":7,"column":58}}]},"2":{"line":35,"type":"cond-expr","locations":[{"start":{"line":35,"column":39},"end":{"line":35,"column":67}},{"start":{"line":35,"column":70},"end":{"line":35,"column":79}}]},"3":{"line":36,"type":"cond-expr","locations":[{"start":{"line":36,"column":34},"end":{"line":36,"column":57}},{"start":{"line":36,"column":60},"end":{"line":36,"column":64}}]},"4":{"line":37,"type":"cond-expr","locations":[{"start":{"line":37,"column":34},"end":{"line":37,"column":57}},{"start":{"line":37,"column":60},"end":{"line":37,"column":64}}]},"5":{"line":38,"type":"cond-expr","locations":[{"start":{"line":38,"column":36},"end":{"line":38,"column":61}},{"start":{"line":38,"column":64},"end":{"line":38,"column":70}}]},"6":{"line":39,"type":"cond-expr","locations":[{"start":{"line":39,"column":37},"end":{"line":39,"column":63}},{"start":{"line":39,"column":66},"end":{"line":39,"column":73}}]},"7":{"line":41,"type":"if","locations":[{"start":{"line":41,"column":2},"end":{"line":41,"column":2}},{"start":{"line":41,"column":2},"end":{"line":41,"column":2}}]},"8":{"line":41,"type":"binary-expr","locations":[{"start":{"line":41,"column":6},"end":{"line":41,"column":16}},{"start":{"line":41,"column":20},"end":{"line":41,"column":25}},{"start":{"line":41,"column":29},"end":{"line":41,"column":34}}]},"9":{"line":48,"type":"binary-expr","locations":[{"start":{"line":48,"column":4},"end":{"line":48,"column":25}},{"start":{"line":48,"column":29},"end":{"line":48,"column":59}}]},"10":{"line":49,"type":"cond-expr","locations":[{"start":{"line":49,"column":46},"end":{"line":49,"column":54}},{"start":{"line":49,"column":57},"end":{"line":49,"column":67}}]},"11":{"line":55,"type":"cond-expr","locations":[{"start":{"line":55,"column":26},"end":{"line":55,"column":34}},{"start":{"line":55,"column":37},"end":{"line":55,"column":88}}]}}},"/Users/lzhu9/Develop/nightwatch-extra/lib/assertions/elLengthGreaterThan.js":{"path":"/Users/lzhu9/Develop/nightwatch-extra/lib/assertions/elLengthGreaterThan.js","s":{"1":1,"2":1,"3":1,"4":1,"5":1,"6":1,"7":1,"8":1,"9":21,"10":21,"11":21,"12":1,"13":1,"14":10,"15":10,"16":10,"17":10,"18":10,"19":10,"20":10,"21":0,"22":0,"23":10,"24":10,"25":10,"26":10,"27":10,"28":0,"29":0,"30":1,"31":10,"32":10,"33":10,"34":10,"35":10,"36":10,"37":10,"38":10,"39":10,"40":10,"41":10,"42":10,"43":1,"44":10,"45":2,"46":8,"47":1,"48":10,"49":10,"50":2,"51":2,"52":2,"53":2,"54":2,"55":2,"56":4,"57":4,"58":10,"59":1},"b":{"1":[10,0],"2":[10,0],"3":[10,0,0],"4":[0,10],"5":[10,0],"6":[10,10],"7":[2,8],"8":[10,10],"9":[2,2,2,4]},"f":{"1":21,"2":10,"3":10,"4":10,"5":10,"6":10},"fnMap":{"1":{"name":"ElLengthGreaterThan","line":12,"loc":{"start":{"line":12,"column":0},"end":{"line":12,"column":62}}},"2":{"name":"(anonymous_2)","line":20,"loc":{"start":{"line":20,"column":48},"end":{"line":20,"column":60}}},"3":{"name":"(anonymous_3)","line":25,"loc":{"start":{"line":25,"column":4},"end":{"line":25,"column":22}}},"4":{"name":"(anonymous_4)","line":59,"loc":{"start":{"line":59,"column":40},"end":{"line":59,"column":90}}},"5":{"name":"(anonymous_5)","line":80,"loc":{"start":{"line":80,"column":39},"end":{"line":80,"column":67}}},"6":{"name":"(anonymous_6)","line":88,"loc":{"start":{"line":88,"column":50},"end":{"line":88,"column":73}}}},"statementMap":{"1":{"start":{"line":1,"column":0},"end":{"line":2,"column":45}},"2":{"start":{"line":4,"column":0},"end":{"line":4,"column":56}},"3":{"start":{"line":6,"column":0},"end":{"line":6,"column":38}},"4":{"start":{"line":7,"column":0},"end":{"line":7,"column":47}},"5":{"start":{"line":8,"column":0},"end":{"line":8,"column":43}},"6":{"start":{"line":9,"column":0},"end":{"line":9,"column":33}},"7":{"start":{"line":10,"column":0},"end":{"line":10,"column":39}},"8":{"start":{"line":12,"column":0},"end":{"line":16,"column":1}},"9":{"start":{"line":13,"column":2},"end":{"line":13,"column":62}},"10":{"start":{"line":14,"column":2},"end":{"line":14,"column":35}},"11":{"start":{"line":15,"column":2},"end":{"line":15,"column":57}},"12":{"start":{"line":18,"column":0},"end":{"line":18,"column":52}},"13":{"start":{"line":20,"column":0},"end":{"line":57,"column":2}},"14":{"start":{"line":21,"column":2},"end":{"line":21,"column":18}},"15":{"start":{"line":23,"column":2},"end":{"line":56,"column":7}},"16":{"start":{"line":28,"column":6},"end":{"line":30,"column":7}},"17":{"start":{"line":29,"column":8},"end":{"line":29,"column":28}},"18":{"start":{"line":32,"column":6},"end":{"line":32,"column":60}},"19":{"start":{"line":36,"column":6},"end":{"line":55,"column":7}},"20":{"start":{"line":39,"column":8},"end":{"line":42,"column":9}},"21":{"start":{"line":40,"column":10},"end":{"line":40,"column":188}},"22":{"start":{"line":41,"column":10},"end":{"line":41,"column":139}},"23":{"start":{"line":44,"column":8},"end":{"line":52,"column":9}},"24":{"start":{"line":46,"column":10},"end":{"line":46,"column":46}},"25":{"start":{"line":47,"column":10},"end":{"line":47,"column":63}},"26":{"start":{"line":48,"column":10},"end":{"line":48,"column":41}},"27":{"start":{"line":49,"column":10},"end":{"line":49,"column":64}},"28":{"start":{"line":51,"column":10},"end":{"line":51,"column":63}},"29":{"start":{"line":54,"column":8},"end":{"line":54,"column":56}},"30":{"start":{"line":59,"column":0},"end":{"line":78,"column":2}},"31":{"start":{"line":60,"column":2},"end":{"line":60,"column":18}},"32":{"start":{"line":62,"column":2},"end":{"line":62,"column":51}},"33":{"start":{"line":63,"column":2},"end":{"line":63,"column":33}},"34":{"start":{"line":64,"column":2},"end":{"line":64,"column":41}},"35":{"start":{"line":66,"column":2},"end":{"line":67,"column":41}},"36":{"start":{"line":68,"column":2},"end":{"line":68,"column":90}},"37":{"start":{"line":69,"column":2},"end":{"line":69,"column":108}},"38":{"start":{"line":71,"column":2},"end":{"line":71,"column":42}},"39":{"start":{"line":72,"column":2},"end":{"line":72,"column":21}},"40":{"start":{"line":74,"column":2},"end":{"line":74,"column":16}},"41":{"start":{"line":75,"column":2},"end":{"line":75,"column":25}},"42":{"start":{"line":77,"column":2},"end":{"line":77,"column":14}},"43":{"start":{"line":80,"column":0},"end":{"line":86,"column":2}},"44":{"start":{"line":81,"column":2},"end":{"line":85,"column":3}},"45":{"start":{"line":82,"column":4},"end":{"line":82,"column":67}},"46":{"start":{"line":84,"column":4},"end":{"line":84,"column":46}},"47":{"start":{"line":88,"column":0},"end":{"line":105,"column":2}},"48":{"start":{"line":89,"column":2},"end":{"line":89,"column":15}},"49":{"start":{"line":90,"column":2},"end":{"line":103,"column":3}},"50":{"start":{"line":92,"column":6},"end":{"line":92,"column":42}},"51":{"start":{"line":93,"column":6},"end":{"line":93,"column":12}},"52":{"start":{"line":95,"column":6},"end":{"line":95,"column":49}},"53":{"start":{"line":96,"column":6},"end":{"line":96,"column":12}},"54":{"start":{"line":98,"column":6},"end":{"line":98,"column":46}},"55":{"start":{"line":99,"column":6},"end":{"line":99,"column":12}},"56":{"start":{"line":101,"column":6},"end":{"line":101,"column":33}},"57":{"start":{"line":102,"column":6},"end":{"line":102,"column":12}},"58":{"start":{"line":104,"column":2},"end":{"line":104,"column":13}},"59":{"start":{"line":107,"column":0},"end":{"line":107,"column":37}}},"branchMap":{"1":{"line":28,"type":"if","locations":[{"start":{"line":28,"column":6},"end":{"line":28,"column":6}},{"start":{"line":28,"column":6},"end":{"line":28,"column":6}}]},"2":{"line":36,"type":"if","locations":[{"start":{"line":36,"column":6},"end":{"line":36,"column":6}},{"start":{"line":36,"column":6},"end":{"line":36,"column":6}}]},"3":{"line":36,"type":"binary-expr","locations":[{"start":{"line":36,"column":10},"end":{"line":36,"column":37}},{"start":{"line":36,"column":41},"end":{"line":36,"column":67}},{"start":{"line":36,"column":71},"end":{"line":36,"column":92}}]},"4":{"line":39,"type":"if","locations":[{"start":{"line":39,"column":8},"end":{"line":39,"column":8}},{"start":{"line":39,"column":8},"end":{"line":39,"column":8}}]},"5":{"line":44,"type":"if","locations":[{"start":{"line":44,"column":8},"end":{"line":44,"column":8}},{"start":{"line":44,"column":8},"end":{"line":44,"column":8}}]},"6":{"line":44,"type":"binary-expr","locations":[{"start":{"line":44,"column":12},"end":{"line":44,"column":38}},{"start":{"line":44,"column":42},"end":{"line":44,"column":69}}]},"7":{"line":81,"type":"if","locations":[{"start":{"line":81,"column":2},"end":{"line":81,"column":2}},{"start":{"line":81,"column":2},"end":{"line":81,"column":2}}]},"8":{"line":81,"type":"binary-expr","locations":[{"start":{"line":81,"column":6},"end":{"line":81,"column":28}},{"start":{"line":81,"column":32},"end":{"line":81,"column":50}}]},"9":{"line":90,"type":"switch","locations":[{"start":{"line":91,"column":4},"end":{"line":93,"column":12}},{"start":{"line":94,"column":4},"end":{"line":96,"column":12}},{"start":{"line":97,"column":4},"end":{"line":99,"column":12}},{"start":{"line":100,"column":4},"end":{"line":102,"column":12}}]}}},"/Users/lzhu9/Develop/nightwatch-extra/lib/assertions/elNotContainsText.js":{"path":"/Users/lzhu9/Develop/nightwatch-extra/lib/assertions/elNotContainsText.js","s":{"1":1,"2":1,"3":1,"4":1,"5":1,"6":1,"7":1,"8":1,"9":9,"10":9,"11":9,"12":1,"13":1,"14":4,"15":4,"16":4,"17":4,"18":4,"19":4,"20":4,"21":0,"22":0,"23":4,"24":4,"25":4,"26":4,"27":4,"28":0,"29":0,"30":1,"31":4,"32":4,"33":4,"34":4,"35":4,"36":4,"37":4,"38":4,"39":4,"40":4,"41":4,"42":1,"43":4,"44":2,"45":2,"46":1,"47":4,"48":1},"b":{"1":[4,0],"2":[4,0],"3":[4,0,0],"4":[0,4],"5":[4,0],"6":[4,4],"7":[2,2],"8":[4,4,2]},"f":{"1":9,"2":4,"3":4,"4":4,"5":4,"6":4},"fnMap":{"1":{"name":"ElContainsText","line":14,"loc":{"start":{"line":14,"column":0},"end":{"line":14,"column":57}}},"2":{"name":"(anonymous_2)","line":22,"loc":{"start":{"line":22,"column":43},"end":{"line":22,"column":55}}},"3":{"name":"(anonymous_3)","line":27,"loc":{"start":{"line":27,"column":4},"end":{"line":27,"column":22}}},"4":{"name":"(anonymous_4)","line":60,"loc":{"start":{"line":60,"column":35},"end":{"line":60,"column":78}}},"5":{"name":"(anonymous_5)","line":79,"loc":{"start":{"line":79,"column":34},"end":{"line":79,"column":62}}},"6":{"name":"(anonymous_6)","line":89,"loc":{"start":{"line":89,"column":45},"end":{"line":89,"column":68}}}},"statementMap":{"1":{"start":{"line":3,"column":0},"end":{"line":4,"column":45}},"2":{"start":{"line":6,"column":0},"end":{"line":6,"column":56}},"3":{"start":{"line":8,"column":0},"end":{"line":8,"column":38}},"4":{"start":{"line":9,"column":0},"end":{"line":9,"column":47}},"5":{"start":{"line":10,"column":0},"end":{"line":10,"column":43}},"6":{"start":{"line":11,"column":0},"end":{"line":11,"column":33}},"7":{"start":{"line":12,"column":0},"end":{"line":12,"column":39}},"8":{"start":{"line":14,"column":0},"end":{"line":18,"column":1}},"9":{"start":{"line":15,"column":2},"end":{"line":15,"column":62}},"10":{"start":{"line":16,"column":2},"end":{"line":16,"column":33}},"11":{"start":{"line":17,"column":2},"end":{"line":17,"column":57}},"12":{"start":{"line":20,"column":0},"end":{"line":20,"column":47}},"13":{"start":{"line":22,"column":0},"end":{"line":58,"column":2}},"14":{"start":{"line":23,"column":2},"end":{"line":23,"column":18}},"15":{"start":{"line":25,"column":2},"end":{"line":57,"column":7}},"16":{"start":{"line":29,"column":6},"end":{"line":31,"column":7}},"17":{"start":{"line":30,"column":8},"end":{"line":30,"column":28}},"18":{"start":{"line":33,"column":6},"end":{"line":33,"column":60}},"19":{"start":{"line":37,"column":6},"end":{"line":56,"column":7}},"20":{"start":{"line":40,"column":8},"end":{"line":43,"column":9}},"21":{"start":{"line":41,"column":10},"end":{"line":41,"column":188}},"22":{"start":{"line":42,"column":10},"end":{"line":42,"column":139}},"23":{"start":{"line":45,"column":8},"end":{"line":53,"column":9}},"24":{"start":{"line":47,"column":10},"end":{"line":47,"column":46}},"25":{"start":{"line":48,"column":10},"end":{"line":48,"column":63}},"26":{"start":{"line":49,"column":10},"end":{"line":49,"column":41}},"27":{"start":{"line":50,"column":10},"end":{"line":50,"column":57}},"28":{"start":{"line":52,"column":10},"end":{"line":52,"column":63}},"29":{"start":{"line":55,"column":8},"end":{"line":55,"column":56}},"30":{"start":{"line":60,"column":0},"end":{"line":77,"column":2}},"31":{"start":{"line":61,"column":2},"end":{"line":61,"column":18}},"32":{"start":{"line":63,"column":2},"end":{"line":63,"column":51}},"33":{"start":{"line":64,"column":2},"end":{"line":64,"column":40}},"34":{"start":{"line":66,"column":2},"end":{"line":67,"column":34}},"35":{"start":{"line":68,"column":2},"end":{"line":68,"column":83}},"36":{"start":{"line":69,"column":2},"end":{"line":69,"column":108}},"37":{"start":{"line":71,"column":2},"end":{"line":71,"column":42}},"38":{"start":{"line":72,"column":2},"end":{"line":72,"column":21}},"39":{"start":{"line":73,"column":2},"end":{"line":73,"column":16}},"40":{"start":{"line":74,"column":2},"end":{"line":74,"column":25}},"41":{"start":{"line":76,"column":2},"end":{"line":76,"column":14}},"42":{"start":{"line":79,"column":0},"end":{"line":87,"column":2}},"43":{"start":{"line":80,"column":2},"end":{"line":86,"column":3}},"44":{"start":{"line":83,"column":4},"end":{"line":83,"column":46}},"45":{"start":{"line":85,"column":4},"end":{"line":85,"column":67}},"46":{"start":{"line":89,"column":0},"end":{"line":91,"column":2}},"47":{"start":{"line":90,"column":2},"end":{"line":90,"column":38}},"48":{"start":{"line":93,"column":0},"end":{"line":93,"column":32}}},"branchMap":{"1":{"line":29,"type":"if","locations":[{"start":{"line":29,"column":6},"end":{"line":29,"column":6}},{"start":{"line":29,"column":6},"end":{"line":29,"column":6}}]},"2":{"line":37,"type":"if","locations":[{"start":{"line":37,"column":6},"end":{"line":37,"column":6}},{"start":{"line":37,"column":6},"end":{"line":37,"column":6}}]},"3":{"line":37,"type":"binary-expr","locations":[{"start":{"line":37,"column":10},"end":{"line":37,"column":37}},{"start":{"line":37,"column":41},"end":{"line":37,"column":67}},{"start":{"line":37,"column":71},"end":{"line":37,"column":92}}]},"4":{"line":40,"type":"if","locations":[{"start":{"line":40,"column":8},"end":{"line":40,"column":8}},{"start":{"line":40,"column":8},"end":{"line":40,"column":8}}]},"5":{"line":45,"type":"if","locations":[{"start":{"line":45,"column":8},"end":{"line":45,"column":8}},{"start":{"line":45,"column":8},"end":{"line":45,"column":8}}]},"6":{"line":45,"type":"binary-expr","locations":[{"start":{"line":45,"column":12},"end":{"line":45,"column":38}},{"start":{"line":45,"column":42},"end":{"line":45,"column":69}}]},"7":{"line":80,"type":"if","locations":[{"start":{"line":80,"column":2},"end":{"line":80,"column":2}},{"start":{"line":80,"column":2},"end":{"line":80,"column":2}}]},"8":{"line":80,"type":"binary-expr","locations":[{"start":{"line":80,"column":6},"end":{"line":80,"column":28}},{"start":{"line":81,"column":7},"end":{"line":81,"column":35}},{"start":{"line":82,"column":7},"end":{"line":82,"column":43}}]}}},"/Users/lzhu9/Develop/nightwatch-extra/lib/assertions/elValueContains.js":{"path":"/Users/lzhu9/Develop/nightwatch-extra/lib/assertions/elValueContains.js","s":{"1":1,"2":1,"3":1,"4":1,"5":1,"6":1,"7":1,"8":1,"9":9,"10":9,"11":9,"12":1,"13":1,"14":4,"15":4,"16":4,"17":4,"18":4,"19":4,"20":4,"21":0,"22":0,"23":4,"24":4,"25":4,"26":4,"27":4,"28":0,"29":0,"30":1,"31":4,"32":4,"33":4,"34":4,"35":4,"36":4,"37":4,"38":4,"39":4,"40":4,"41":4,"42":1,"43":4,"44":2,"45":2,"46":1,"47":4,"48":1},"b":{"1":[4,0],"2":[4,0],"3":[4,0,0],"4":[0,4],"5":[4,0],"6":[4,4],"7":[2,2],"8":[4,4,2]},"f":{"1":9,"2":4,"3":4,"4":4,"5":4,"6":4},"fnMap":{"1":{"name":"ElValueContains","line":14,"loc":{"start":{"line":14,"column":0},"end":{"line":14,"column":58}}},"2":{"name":"(anonymous_2)","line":22,"loc":{"start":{"line":22,"column":44},"end":{"line":22,"column":56}}},"3":{"name":"(anonymous_3)","line":27,"loc":{"start":{"line":27,"column":4},"end":{"line":27,"column":22}}},"4":{"name":"(anonymous_4)","line":60,"loc":{"start":{"line":60,"column":36},"end":{"line":60,"column":79}}},"5":{"name":"(anonymous_5)","line":79,"loc":{"start":{"line":79,"column":35},"end":{"line":79,"column":63}}},"6":{"name":"(anonymous_6)","line":89,"loc":{"start":{"line":89,"column":46},"end":{"line":89,"column":69}}}},"statementMap":{"1":{"start":{"line":3,"column":0},"end":{"line":4,"column":45}},"2":{"start":{"line":6,"column":0},"end":{"line":6,"column":56}},"3":{"start":{"line":8,"column":0},"end":{"line":8,"column":38}},"4":{"start":{"line":9,"column":0},"end":{"line":9,"column":47}},"5":{"start":{"line":10,"column":0},"end":{"line":10,"column":43}},"6":{"start":{"line":11,"column":0},"end":{"line":11,"column":33}},"7":{"start":{"line":12,"column":0},"end":{"line":12,"column":39}},"8":{"start":{"line":14,"column":0},"end":{"line":18,"column":1}},"9":{"start":{"line":15,"column":2},"end":{"line":15,"column":62}},"10":{"start":{"line":16,"column":2},"end":{"line":16,"column":31}},"11":{"start":{"line":17,"column":2},"end":{"line":17,"column":57}},"12":{"start":{"line":20,"column":0},"end":{"line":20,"column":48}},"13":{"start":{"line":22,"column":0},"end":{"line":58,"column":2}},"14":{"start":{"line":23,"column":2},"end":{"line":23,"column":18}},"15":{"start":{"line":25,"column":2},"end":{"line":57,"column":7}},"16":{"start":{"line":29,"column":6},"end":{"line":31,"column":7}},"17":{"start":{"line":30,"column":8},"end":{"line":30,"column":28}},"18":{"start":{"line":33,"column":6},"end":{"line":33,"column":60}},"19":{"start":{"line":37,"column":6},"end":{"line":56,"column":7}},"20":{"start":{"line":40,"column":8},"end":{"line":43,"column":9}},"21":{"start":{"line":41,"column":10},"end":{"line":41,"column":188}},"22":{"start":{"line":42,"column":10},"end":{"line":42,"column":139}},"23":{"start":{"line":45,"column":8},"end":{"line":53,"column":9}},"24":{"start":{"line":47,"column":10},"end":{"line":47,"column":46}},"25":{"start":{"line":48,"column":10},"end":{"line":48,"column":63}},"26":{"start":{"line":49,"column":10},"end":{"line":49,"column":41}},"27":{"start":{"line":50,"column":10},"end":{"line":50,"column":57}},"28":{"start":{"line":52,"column":10},"end":{"line":52,"column":63}},"29":{"start":{"line":55,"column":8},"end":{"line":55,"column":56}},"30":{"start":{"line":60,"column":0},"end":{"line":77,"column":2}},"31":{"start":{"line":61,"column":2},"end":{"line":61,"column":18}},"32":{"start":{"line":63,"column":2},"end":{"line":63,"column":51}},"33":{"start":{"line":64,"column":2},"end":{"line":64,"column":40}},"34":{"start":{"line":66,"column":2},"end":{"line":67,"column":34}},"35":{"start":{"line":68,"column":2},"end":{"line":68,"column":83}},"36":{"start":{"line":69,"column":2},"end":{"line":69,"column":108}},"37":{"start":{"line":71,"column":2},"end":{"line":71,"column":42}},"38":{"start":{"line":72,"column":2},"end":{"line":72,"column":21}},"39":{"start":{"line":73,"column":2},"end":{"line":73,"column":16}},"40":{"start":{"line":74,"column":2},"end":{"line":74,"column":25}},"41":{"start":{"line":76,"column":2},"end":{"line":76,"column":14}},"42":{"start":{"line":79,"column":0},"end":{"line":87,"column":2}},"43":{"start":{"line":80,"column":2},"end":{"line":86,"column":3}},"44":{"start":{"line":83,"column":4},"end":{"line":83,"column":67}},"45":{"start":{"line":85,"column":4},"end":{"line":85,"column":46}},"46":{"start":{"line":89,"column":0},"end":{"line":91,"column":2}},"47":{"start":{"line":90,"column":2},"end":{"line":90,"column":31}},"48":{"start":{"line":93,"column":0},"end":{"line":93,"column":33}}},"branchMap":{"1":{"line":29,"type":"if","locations":[{"start":{"line":29,"column":6},"end":{"line":29,"column":6}},{"start":{"line":29,"column":6},"end":{"line":29,"column":6}}]},"2":{"line":37,"type":"if","locations":[{"start":{"line":37,"column":6},"end":{"line":37,"column":6}},{"start":{"line":37,"column":6},"end":{"line":37,"column":6}}]},"3":{"line":37,"type":"binary-expr","locations":[{"start":{"line":37,"column":10},"end":{"line":37,"column":37}},{"start":{"line":37,"column":41},"end":{"line":37,"column":67}},{"start":{"line":37,"column":71},"end":{"line":37,"column":92}}]},"4":{"line":40,"type":"if","locations":[{"start":{"line":40,"column":8},"end":{"line":40,"column":8}},{"start":{"line":40,"column":8},"end":{"line":40,"column":8}}]},"5":{"line":45,"type":"if","locations":[{"start":{"line":45,"column":8},"end":{"line":45,"column":8}},{"start":{"line":45,"column":8},"end":{"line":45,"column":8}}]},"6":{"line":45,"type":"binary-expr","locations":[{"start":{"line":45,"column":12},"end":{"line":45,"column":38}},{"start":{"line":45,"column":42},"end":{"line":45,"column":69}}]},"7":{"line":80,"type":"if","locations":[{"start":{"line":80,"column":2},"end":{"line":80,"column":2}},{"start":{"line":80,"column":2},"end":{"line":80,"column":2}}]},"8":{"line":80,"type":"binary-expr","locations":[{"start":{"line":80,"column":6},"end":{"line":80,"column":28}},{"start":{"line":81,"column":8},"end":{"line":81,"column":36}},{"start":{"line":82,"column":9},"end":{"line":82,"column":45}}]}}},"/Users/lzhu9/Develop/nightwatch-extra/lib/assertions/selectorHasLength.js":{"path":"/Users/lzhu9/Develop/nightwatch-extra/lib/assertions/selectorHasLength.js","s":{"1":1,"2":1,"3":1,"4":1,"5":1,"6":1,"7":1,"8":1,"9":9,"10":9,"11":9,"12":1,"13":1,"14":4,"15":4,"16":4,"17":4,"18":4,"19":4,"20":4,"21":0,"22":0,"23":4,"24":4,"25":4,"26":4,"27":4,"28":0,"29":0,"30":1,"31":4,"32":4,"33":4,"34":4,"35":4,"36":4,"37":4,"38":4,"39":4,"40":4,"41":4,"42":1,"43":4,"44":2,"45":2,"46":1,"47":4,"48":1},"b":{"1":[4,0],"2":[4,0],"3":[4,0,0],"4":[0,4],"5":[4,0],"6":[4,4],"7":[2,2],"8":[4,4]},"f":{"1":9,"2":4,"3":4,"4":4,"5":4,"6":4},"fnMap":{"1":{"name":"SelectorHasLength","line":14,"loc":{"start":{"line":14,"column":0},"end":{"line":14,"column":60}}},"2":{"name":"(anonymous_2)","line":22,"loc":{"start":{"line":22,"column":46},"end":{"line":22,"column":58}}},"3":{"name":"(anonymous_3)","line":27,"loc":{"start":{"line":27,"column":4},"end":{"line":27,"column":22}}},"4":{"name":"(anonymous_4)","line":60,"loc":{"start":{"line":60,"column":38},"end":{"line":60,"column":74}}},"5":{"name":"(anonymous_5)","line":79,"loc":{"start":{"line":79,"column":37},"end":{"line":79,"column":65}}},"6":{"name":"(anonymous_6)","line":87,"loc":{"start":{"line":87,"column":48},"end":{"line":87,"column":63}}}},"statementMap":{"1":{"start":{"line":3,"column":0},"end":{"line":4,"column":45}},"2":{"start":{"line":6,"column":0},"end":{"line":6,"column":56}},"3":{"start":{"line":8,"column":0},"end":{"line":8,"column":38}},"4":{"start":{"line":9,"column":0},"end":{"line":9,"column":47}},"5":{"start":{"line":10,"column":0},"end":{"line":10,"column":43}},"6":{"start":{"line":11,"column":0},"end":{"line":11,"column":33}},"7":{"start":{"line":12,"column":0},"end":{"line":12,"column":39}},"8":{"start":{"line":14,"column":0},"end":{"line":18,"column":1}},"9":{"start":{"line":15,"column":2},"end":{"line":15,"column":62}},"10":{"start":{"line":16,"column":2},"end":{"line":16,"column":33}},"11":{"start":{"line":17,"column":2},"end":{"line":17,"column":57}},"12":{"start":{"line":20,"column":0},"end":{"line":20,"column":50}},"13":{"start":{"line":22,"column":0},"end":{"line":58,"column":2}},"14":{"start":{"line":23,"column":2},"end":{"line":23,"column":18}},"15":{"start":{"line":25,"column":2},"end":{"line":57,"column":7}},"16":{"start":{"line":29,"column":6},"end":{"line":31,"column":7}},"17":{"start":{"line":30,"column":8},"end":{"line":30,"column":28}},"18":{"start":{"line":33,"column":6},"end":{"line":33,"column":60}},"19":{"start":{"line":37,"column":6},"end":{"line":56,"column":7}},"20":{"start":{"line":40,"column":8},"end":{"line":43,"column":9}},"21":{"start":{"line":41,"column":10},"end":{"line":41,"column":188}},"22":{"start":{"line":42,"column":10},"end":{"line":42,"column":139}},"23":{"start":{"line":45,"column":8},"end":{"line":53,"column":9}},"24":{"start":{"line":47,"column":10},"end":{"line":47,"column":46}},"25":{"start":{"line":48,"column":10},"end":{"line":48,"column":63}},"26":{"start":{"line":49,"column":10},"end":{"line":49,"column":41}},"27":{"start":{"line":50,"column":10},"end":{"line":50,"column":57}},"28":{"start":{"line":52,"column":10},"end":{"line":52,"column":63}},"29":{"start":{"line":55,"column":8},"end":{"line":55,"column":56}},"30":{"start":{"line":60,"column":0},"end":{"line":77,"column":2}},"31":{"start":{"line":61,"column":2},"end":{"line":61,"column":18}},"32":{"start":{"line":63,"column":2},"end":{"line":63,"column":51}},"33":{"start":{"line":64,"column":2},"end":{"line":64,"column":33}},"34":{"start":{"line":66,"column":2},"end":{"line":67,"column":34}},"35":{"start":{"line":68,"column":2},"end":{"line":68,"column":83}},"36":{"start":{"line":69,"column":2},"end":{"line":69,"column":108}},"37":{"start":{"line":71,"column":2},"end":{"line":71,"column":42}},"38":{"start":{"line":72,"column":2},"end":{"line":72,"column":21}},"39":{"start":{"line":73,"column":2},"end":{"line":73,"column":16}},"40":{"start":{"line":74,"column":2},"end":{"line":74,"column":25}},"41":{"start":{"line":76,"column":2},"end":{"line":76,"column":14}},"42":{"start":{"line":79,"column":0},"end":{"line":85,"column":2}},"43":{"start":{"line":80,"column":2},"end":{"line":84,"column":3}},"44":{"start":{"line":81,"column":4},"end":{"line":81,"column":67}},"45":{"start":{"line":83,"column":4},"end":{"line":83,"column":46}},"46":{"start":{"line":87,"column":0},"end":{"line":89,"column":2}},"47":{"start":{"line":88,"column":2},"end":{"line":88,"column":29}},"48":{"start":{"line":91,"column":0},"end":{"line":91,"column":35}}},"branchMap":{"1":{"line":29,"type":"if","locations":[{"start":{"line":29,"column":6},"end":{"line":29,"column":6}},{"start":{"line":29,"column":6},"end":{"line":29,"column":6}}]},"2":{"line":37,"type":"if","locations":[{"start":{"line":37,"column":6},"end":{"line":37,"column":6}},{"start":{"line":37,"column":6},"end":{"line":37,"column":6}}]},"3":{"line":37,"type":"binary-expr","locations":[{"start":{"line":37,"column":10},"end":{"line":37,"column":37}},{"start":{"line":37,"column":41},"end":{"line":37,"column":67}},{"start":{"line":37,"column":71},"end":{"line":37,"column":92}}]},"4":{"line":40,"type":"if","locations":[{"start":{"line":40,"column":8},"end":{"line":40,"column":8}},{"start":{"line":40,"column":8},"end":{"line":40,"column":8}}]},"5":{"line":45,"type":"if","locations":[{"start":{"line":45,"column":8},"end":{"line":45,"column":8}},{"start":{"line":45,"column":8},"end":{"line":45,"column":8}}]},"6":{"line":45,"type":"binary-expr","locations":[{"start":{"line":45,"column":12},"end":{"line":45,"column":38}},{"start":{"line":45,"column":42},"end":{"line":45,"column":69}}]},"7":{"line":80,"type":"if","locations":[{"start":{"line":80,"column":2},"end":{"line":80,"column":2}},{"start":{"line":80,"column":2},"end":{"line":80,"column":2}}]},"8":{"line":80,"type":"binary-expr","locations":[{"start":{"line":80,"column":6},"end":{"line":80,"column":28}},{"start":{"line":80,"column":32},"end":{"line":80,"column":51}}]}}},"/Users/lzhu9/Develop/nightwatch-extra/lib/commands/base/baseElCommand.js":{"path":"/Users/lzhu9/Develop/nightwatch-extra/lib/commands/base/baseElCommand.js","s":{"1":1,"2":1,"3":1,"4":1,"5":1,"6":1,"7":1,"8":1,"9":1,"10":1,"11":69,"12":69,"13":69,"14":69,"15":69,"16":69,"17":69,"18":69,"19":69,"20":69,"21":69,"22":15,"23":1,"24":1,"25":1,"26":32,"27":32,"28":32,"29":32,"30":26,"31":26,"32":26,"33":26,"34":13,"35":26,"36":14,"37":14,"38":14,"39":1,"40":27,"41":27,"42":27,"43":27,"44":27,"45":27,"46":27,"47":27,"48":27,"49":0,"50":27,"51":17,"52":10,"53":2,"54":8,"55":8,"56":8,"57":8,"58":8,"59":8,"60":8,"61":1,"62":9,"63":9,"64":9,"65":9,"66":9,"67":2,"68":9,"69":1,"70":9,"71":9,"72":9,"73":9,"74":9,"75":0,"76":9,"77":1},"b":{"1":[69,0],"2":[15,54],"3":[13,13],"4":[14,12],"5":[26,13,12,14,13],"6":[0,27],"7":[17,10],"8":[27,27,17],"9":[2,8],"10":[10,10,10,2],"11":[9,0],"12":[2,7],"13":[9,8],"14":[9,8],"15":[0,9]},"f":{"1":69,"2":32,"3":26,"4":27,"5":27,"6":9,"7":9},"fnMap":{"1":{"name":"BaseElCommand","line":12,"loc":{"start":{"line":12,"column":0},"end":{"line":12,"column":56}}},"2":{"name":"(anonymous_2)","line":42,"loc":{"start":{"line":42,"column":33},"end":{"line":42,"column":45}}},"3":{"name":"(anonymous_3)","line":48,"loc":{"start":{"line":48,"column":38},"end":{"line":48,"column":57}}},"4":{"name":"(anonymous_4)","line":66,"loc":{"start":{"line":66,"column":34},"end":{"line":66,"column":64}}},"5":{"name":"(anonymous_5)","line":77,"loc":{"start":{"line":77,"column":40},"end":{"line":77,"column":58}}},"6":{"name":"(anonymous_6)","line":119,"loc":{"start":{"line":119,"column":31},"end":{"line":119,"column":59}}},"7":{"name":"(anonymous_7)","line":138,"loc":{"start":{"line":138,"column":31},"end":{"line":138,"column":59}}}},"statementMap":{"1":{"start":{"line":1,"column":0},"end":{"line":1,"column":27}},"2":{"start":{"line":2,"column":0},"end":{"line":2,"column":50}},"3":{"start":{"line":3,"column":0},"end":{"line":3,"column":26}},"4":{"start":{"line":4,"column":0},"end":{"line":4,"column":31}},"5":{"start":{"line":6,"column":0},"end":{"line":6,"column":50}},"6":{"start":{"line":7,"column":0},"end":{"line":7,"column":59}},"7":{"start":{"line":8,"column":0},"end":{"line":8,"column":63}},"8":{"start":{"line":9,"column":0},"end":{"line":9,"column":41}},"9":{"start":{"line":10,"column":0},"end":{"line":10,"column":42}},"10":{"start":{"line":12,"column":0},"end":{"line":36,"column":1}},"11":{"start":{"line":13,"column":2},"end":{"line":13,"column":26}},"12":{"start":{"line":15,"column":2},"end":{"line":15,"column":22}},"13":{"start":{"line":16,"column":2},"end":{"line":16,"column":21}},"14":{"start":{"line":17,"column":2},"end":{"line":17,"column":59}},"15":{"start":{"line":18,"column":2},"end":{"line":18,"column":23}},"16":{"start":{"line":19,"column":2},"end":{"line":19,"column":27}},"17":{"start":{"line":20,"column":2},"end":{"line":20,"column":27}},"18":{"start":{"line":22,"column":2},"end":{"line":26,"column":4}},"19":{"start":{"line":29,"column":2},"end":{"line":31,"column":3}},"20":{"start":{"line":30,"column":4},"end":{"line":30,"column":29}},"21":{"start":{"line":33,"column":2},"end":{"line":35,"column":3}},"22":{"start":{"line":34,"column":4},"end":{"line":34,"column":71}},"23":{"start":{"line":38,"column":0},"end":{"line":38,"column":43}},"24":{"start":{"line":40,"column":0},"end":{"line":40,"column":47}},"25":{"start":{"line":42,"column":0},"end":{"line":64,"column":2}},"26":{"start":{"line":43,"column":2},"end":{"line":43,"column":18}},"27":{"start":{"line":45,"column":2},"end":{"line":45,"column":56}},"28":{"start":{"line":46,"column":2},"end":{"line":46,"column":51}},"29":{"start":{"line":48,"column":2},"end":{"line":63,"column":5}},"30":{"start":{"line":49,"column":4},"end":{"line":49,"column":20}},"31":{"start":{"line":50,"column":4},"end":{"line":50,"column":33}},"32":{"start":{"line":51,"column":4},"end":{"line":51,"column":15}},"33":{"start":{"line":52,"column":4},"end":{"line":54,"column":5}},"34":{"start":{"line":53,"column":6},"end":{"line":53,"column":17}},"35":{"start":{"line":56,"column":4},"end":{"line":61,"column":5}},"36":{"start":{"line":58,"column":6},"end":{"line":58,"column":25}},"37":{"start":{"line":59,"column":6},"end":{"line":59,"column":55}},"38":{"start":{"line":60,"column":6},"end":{"line":60,"column":54}},"39":{"start":{"line":66,"column":0},"end":{"line":117,"column":2}},"40":{"start":{"line":67,"column":2},"end":{"line":67,"column":18}},"41":{"start":{"line":69,"column":2},"end":{"line":69,"column":36}},"42":{"start":{"line":70,"column":2},"end":{"line":70,"column":92}},"43":{"start":{"line":72,"column":2},"end":{"line":72,"column":30}},"44":{"start":{"line":73,"column":2},"end":{"line":73,"column":43}},"45":{"start":{"line":74,"column":2},"end":{"line":74,"column":44}},"46":{"start":{"line":75,"column":2},"end":{"line":75,"column":39}},"47":{"start":{"line":77,"column":2},"end":{"line":116,"column":5}},"48":{"start":{"line":78,"column":4},"end":{"line":80,"column":5}},"49":{"start":{"line":79,"column":6},"end":{"line":79,"column":78}},"50":{"start":{"line":81,"column":4},"end":{"line":115,"column":5}},"51":{"start":{"line":87,"column":6},"end":{"line":87,"column":40}},"52":{"start":{"line":88,"column":11},"end":{"line":115,"column":5}},"53":{"start":{"line":91,"column":6},"end":{"line":104,"column":9}},"54":{"start":{"line":106,"column":6},"end":{"line":106,"column":112}},"55":{"start":{"line":107,"column":6},"end":{"line":107,"column":24}},"56":{"start":{"line":108,"column":6},"end":{"line":112,"column":7}},"57":{"start":{"line":109,"column":8},"end":{"line":109,"column":42}},"58":{"start":{"line":111,"column":8},"end":{"line":111,"column":58}},"59":{"start":{"line":113,"column":6},"end":{"line":113,"column":51}},"60":{"start":{"line":114,"column":6},"end":{"line":114,"column":18}},"61":{"start":{"line":119,"column":0},"end":{"line":135,"column":2}},"62":{"start":{"line":120,"column":2},"end":{"line":120,"column":48}},"63":{"start":{"line":121,"column":2},"end":{"line":121,"column":64}},"64":{"start":{"line":122,"column":2},"end":{"line":122,"column":111}},"65":{"start":{"line":124,"column":2},"end":{"line":129,"column":5}},"66":{"start":{"line":131,"column":2},"end":{"line":133,"column":3}},"67":{"start":{"line":132,"column":4},"end":{"line":132,"column":45}},"68":{"start":{"line":134,"column":2},"end":{"line":134,"column":24}},"69":{"start":{"line":138,"column":0},"end":{"line":147,"column":2}},"70":{"start":{"line":139,"column":2},"end":{"line":139,"column":40}},"71":{"start":{"line":140,"column":2},"end":{"line":140,"column":40}},"72":{"start":{"line":141,"column":2},"end":{"line":141,"column":64}},"73":{"start":{"line":142,"column":2},"end":{"line":142,"column":112}},"74":{"start":{"line":143,"column":2},"end":{"line":145,"column":3}},"75":{"start":{"line":144,"column":4},"end":{"line":144,"column":39}},"76":{"start":{"line":146,"column":2},"end":{"line":146,"column":24}},"77":{"start":{"line":149,"column":0},"end":{"line":149,"column":31}}},"branchMap":{"1":{"line":29,"type":"if","locations":[{"start":{"line":29,"column":2},"end":{"line":29,"column":2}},{"start":{"line":29,"column":2},"end":{"line":29,"column":2}}]},"2":{"line":33,"type":"if","locations":[{"start":{"line":33,"column":2},"end":{"line":33,"column":2}},{"start":{"line":33,"column":2},"end":{"line":33,"column":2}}]},"3":{"line":52,"type":"if","locations":[{"start":{"line":52,"column":4},"end":{"line":52,"column":4}},{"start":{"line":52,"column":4},"end":{"line":52,"column":4}}]},"4":{"line":56,"type":"if","locations":[{"start":{"line":56,"column":4},"end":{"line":56,"column":4}},{"start":{"line":56,"column":4},"end":{"line":56,"column":4}}]},"5":{"line":56,"type":"binary-expr","locations":[{"start":{"line":56,"column":9},"end":{"line":56,"column":12}},{"start":{"line":56,"column":16},"end":{"line":56,"column":61}},{"start":{"line":56,"column":65},"end":{"line":56,"column":128}},{"start":{"line":57,"column":10},"end":{"line":57,"column":12}},{"start":{"line":57,"column":16},"end":{"line":57,"column":79}}]},"6":{"line":78,"type":"if","locations":[{"start":{"line":78,"column":4},"end":{"line":78,"column":4}},{"start":{"line":78,"column":4},"end":{"line":78,"column":4}}]},"7":{"line":81,"type":"if","locations":[{"start":{"line":81,"column":4},"end":{"line":81,"column":4}},{"start":{"line":81,"column":4},"end":{"line":81,"column":4}}]},"8":{"line":81,"type":"binary-expr","locations":[{"start":{"line":81,"column":8},"end":{"line":81,"column":14}},{"start":{"line":81,"column":18},"end":{"line":81,"column":37}},{"start":{"line":81,"column":41},"end":{"line":81,"column":62}}]},"9":{"line":88,"type":"if","locations":[{"start":{"line":88,"column":11},"end":{"line":88,"column":11}},{"start":{"line":88,"column":11},"end":{"line":88,"column":11}}]},"10":{"line":88,"type":"binary-expr","locations":[{"start":{"line":88,"column":15},"end":{"line":88,"column":21}},{"start":{"line":88,"column":25},"end":{"line":88,"column":45}},{"start":{"line":88,"column":49},"end":{"line":88,"column":74}},{"start":{"line":88,"column":78},"end":{"line":88,"column":99}}]},"11":{"line":120,"type":"binary-expr","locations":[{"start":{"line":120,"column":28},"end":{"line":120,"column":34}},{"start":{"line":120,"column":38},"end":{"line":120,"column":47}}]},"12":{"line":131,"type":"if","locations":[{"start":{"line":131,"column":2},"end":{"line":131,"column":2}},{"start":{"line":131,"column":2},"end":{"line":131,"column":2}}]},"13":{"line":139,"type":"binary-expr","locations":[{"start":{"line":139,"column":16},"end":{"line":139,"column":22}},{"start":{"line":139,"column":26},"end":{"line":139,"column":39}}]},"14":{"line":140,"type":"binary-expr","locations":[{"start":{"line":140,"column":18},"end":{"line":140,"column":26}},{"start":{"line":140,"column":30},"end":{"line":140,"column":39}}]},"15":{"line":143,"type":"if","locations":[{"start":{"line":143,"column":2},"end":{"line":143,"column":2}},{"start":{"line":143,"column":2},"end":{"line":143,"column":2}}]}}},"/Users/lzhu9/Develop/nightwatch-extra/lib/commands/getEl.js":{"path":"/Users/lzhu9/Develop/nightwatch-extra/lib/commands/getEl.js","s":{"1":1,"2":1,"3":1,"4":1,"5":1,"6":1,"7":1,"8":1,"9":1,"10":1,"11":15,"12":15,"13":15,"14":1,"15":1,"16":7,"17":7,"18":5,"19":5,"20":5,"21":5,"22":5,"23":5,"24":4,"25":1,"26":1,"27":4,"28":4,"29":4,"30":4,"31":4,"32":0,"33":1,"34":1,"35":7,"36":1,"37":4,"38":4,"39":4,"40":4,"41":4,"42":4,"43":4,"44":4,"45":4,"46":1},"b":{"1":[5,0],"2":[4,1],"3":[5,1,1],"4":[1,3],"5":[4,0],"6":[4,4]},"f":{"1":15,"2":7,"3":5,"4":7,"5":4},"fnMap":{"1":{"name":"GetEl","line":15,"loc":{"start":{"line":15,"column":0},"end":{"line":15,"column":48}}},"2":{"name":"(anonymous_2)","line":23,"loc":{"start":{"line":23,"column":34},"end":{"line":23,"column":46}}},"3":{"name":"(anonymous_3)","line":28,"loc":{"start":{"line":28,"column":4},"end":{"line":28,"column":22}}},"4":{"name":"(anonymous_4)","line":64,"loc":{"start":{"line":64,"column":36},"end":{"line":64,"column":51}}},"5":{"name":"(anonymous_5)","line":68,"loc":{"start":{"line":68,"column":26},"end":{"line":68,"column":50}}}},"statementMap":{"1":{"start":{"line":1,"column":0},"end":{"line":1,"column":27}},"2":{"start":{"line":2,"column":0},"end":{"line":2,"column":31}},"3":{"start":{"line":4,"column":0},"end":{"line":4,"column":47}},"4":{"start":{"line":5,"column":0},"end":{"line":5,"column":52}},"5":{"start":{"line":9,"column":0},"end":{"line":9,"column":38}},"6":{"start":{"line":10,"column":0},"end":{"line":10,"column":47}},"7":{"start":{"line":11,"column":0},"end":{"line":11,"column":43}},"8":{"start":{"line":12,"column":0},"end":{"line":12,"column":33}},"9":{"start":{"line":13,"column":0},"end":{"line":13,"column":39}},"10":{"start":{"line":15,"column":0},"end":{"line":19,"column":1}},"11":{"start":{"line":16,"column":2},"end":{"line":16,"column":60}},"12":{"start":{"line":17,"column":2},"end":{"line":17,"column":57}},"13":{"start":{"line":18,"column":2},"end":{"line":18,"column":21}},"14":{"start":{"line":21,"column":0},"end":{"line":21,"column":36}},"15":{"start":{"line":23,"column":0},"end":{"line":62,"column":2}},"16":{"start":{"line":25,"column":2},"end":{"line":25,"column":18}},"17":{"start":{"line":26,"column":2},"end":{"line":61,"column":7}},"18":{"start":{"line":29,"column":6},"end":{"line":29,"column":25}},"19":{"start":{"line":31,"column":6},"end":{"line":33,"column":7}},"20":{"start":{"line":32,"column":8},"end":{"line":32,"column":28}},"21":{"start":{"line":35,"column":6},"end":{"line":35,"column":43}},"22":{"start":{"line":37,"column":6},"end":{"line":37,"column":60}},"23":{"start":{"line":41,"column":6},"end":{"line":60,"column":7}},"24":{"start":{"line":44,"column":8},"end":{"line":47,"column":9}},"25":{"start":{"line":45,"column":10},"end":{"line":45,"column":188}},"26":{"start":{"line":46,"column":10},"end":{"line":46,"column":139}},"27":{"start":{"line":49,"column":8},"end":{"line":57,"column":9}},"28":{"start":{"line":51,"column":10},"end":{"line":51,"column":46}},"29":{"start":{"line":52,"column":10},"end":{"line":52,"column":63}},"30":{"start":{"line":53,"column":10},"end":{"line":53,"column":41}},"31":{"start":{"line":54,"column":10},"end":{"line":54,"column":40}},"32":{"start":{"line":56,"column":10},"end":{"line":56,"column":22}},"33":{"start":{"line":59,"column":8},"end":{"line":59,"column":56}},"34":{"start":{"line":64,"column":0},"end":{"line":66,"column":2}},"35":{"start":{"line":65,"column":2},"end":{"line":65,"column":33}},"36":{"start":{"line":68,"column":0},"end":{"line":83,"column":2}},"37":{"start":{"line":69,"column":2},"end":{"line":69,"column":51}},"38":{"start":{"line":70,"column":2},"end":{"line":70,"column":15}},"39":{"start":{"line":72,"column":2},"end":{"line":72,"column":94}},"40":{"start":{"line":73,"column":2},"end":{"line":73,"column":98}},"41":{"start":{"line":75,"column":2},"end":{"line":75,"column":42}},"42":{"start":{"line":78,"column":2},"end":{"line":78,"column":21}},"43":{"start":{"line":79,"column":2},"end":{"line":79,"column":16}},"44":{"start":{"line":80,"column":2},"end":{"line":80,"column":25}},"45":{"start":{"line":82,"column":2},"end":{"line":82,"column":14}},"46":{"start":{"line":85,"column":0},"end":{"line":85,"column":23}}},"branchMap":{"1":{"line":31,"type":"if","locations":[{"start":{"line":31,"column":6},"end":{"line":31,"column":6}},{"start":{"line":31,"column":6},"end":{"line":31,"column":6}}]},"2":{"line":41,"type":"if","locations":[{"start":{"line":41,"column":6},"end":{"line":41,"column":6}},{"start":{"line":41,"column":6},"end":{"line":41,"column":6}}]},"3":{"line":41,"type":"binary-expr","locations":[{"start":{"line":41,"column":10},"end":{"line":41,"column":37}},{"start":{"line":41,"column":41},"end":{"line":41,"column":67}},{"start":{"line":41,"column":71},"end":{"line":41,"column":92}}]},"4":{"line":44,"type":"if","locations":[{"start":{"line":44,"column":8},"end":{"line":44,"column":8}},{"start":{"line":44,"column":8},"end":{"line":44,"column":8}}]},"5":{"line":49,"type":"if","locations":[{"start":{"line":49,"column":8},"end":{"line":49,"column":8}},{"start":{"line":49,"column":8},"end":{"line":49,"column":8}}]},"6":{"line":49,"type":"binary-expr","locations":[{"start":{"line":49,"column":12},"end":{"line":49,"column":38}},{"start":{"line":49,"column":42},"end":{"line":49,"column":69}}]}}},"/Users/lzhu9/Develop/nightwatch-extra/lib/commands/getElValue.js":{"path":"/Users/lzhu9/Develop/nightwatch-extra/lib/commands/getElValue.js","s":{"1":1,"2":1,"3":1,"4":1,"5":1,"6":1,"7":1,"8":1,"9":1,"10":1,"11":15,"12":15,"13":15,"14":15,"15":1,"16":1,"17":7,"18":7,"19":5,"20":5,"21":5,"22":5,"23":4,"24":1,"25":1,"26":4,"27":4,"28":4,"29":4,"30":4,"31":0,"32":1,"33":1,"34":4,"35":4,"36":4,"37":4,"38":2,"39":4,"40":1,"41":7,"42":1,"43":4,"44":4,"45":4,"46":4,"47":4,"48":4,"49":4,"50":4,"51":4,"52":1},"b":{"1":[5,0],"2":[4,1],"3":[5,1,1],"4":[1,3],"5":[4,0],"6":[4,0],"7":[4,0],"8":[2,2]},"f":{"1":15,"2":7,"3":5,"4":4,"5":7,"6":4},"fnMap":{"1":{"name":"GetElValue","line":15,"loc":{"start":{"line":15,"column":0},"end":{"line":15,"column":53}}},"2":{"name":"(anonymous_2)","line":24,"loc":{"start":{"line":24,"column":39},"end":{"line":24,"column":51}}},"3":{"name":"(anonymous_3)","line":29,"loc":{"start":{"line":29,"column":4},"end":{"line":29,"column":22}}},"4":{"name":"(anonymous_4)","line":62,"loc":{"start":{"line":62,"column":28},"end":{"line":62,"column":51}}},"5":{"name":"(anonymous_5)","line":72,"loc":{"start":{"line":72,"column":41},"end":{"line":72,"column":64}}},"6":{"name":"(anonymous_6)","line":76,"loc":{"start":{"line":76,"column":31},"end":{"line":76,"column":55}}}},"statementMap":{"1":{"start":{"line":1,"column":0},"end":{"line":1,"column":27}},"2":{"start":{"line":2,"column":0},"end":{"line":2,"column":31}},"3":{"start":{"line":4,"column":0},"end":{"line":4,"column":47}},"4":{"start":{"line":5,"column":0},"end":{"line":5,"column":52}},"5":{"start":{"line":9,"column":0},"end":{"line":9,"column":38}},"6":{"start":{"line":10,"column":0},"end":{"line":10,"column":47}},"7":{"start":{"line":11,"column":0},"end":{"line":11,"column":43}},"8":{"start":{"line":12,"column":0},"end":{"line":12,"column":33}},"9":{"start":{"line":13,"column":0},"end":{"line":13,"column":39}},"10":{"start":{"line":15,"column":0},"end":{"line":20,"column":1}},"11":{"start":{"line":16,"column":2},"end":{"line":16,"column":60}},"12":{"start":{"line":17,"column":2},"end":{"line":17,"column":57}},"13":{"start":{"line":18,"column":2},"end":{"line":18,"column":35}},"14":{"start":{"line":19,"column":2},"end":{"line":19,"column":26}},"15":{"start":{"line":22,"column":0},"end":{"line":22,"column":41}},"16":{"start":{"line":24,"column":0},"end":{"line":60,"column":2}},"17":{"start":{"line":25,"column":2},"end":{"line":25,"column":18}},"18":{"start":{"line":27,"column":2},"end":{"line":59,"column":7}},"19":{"start":{"line":31,"column":6},"end":{"line":33,"column":7}},"20":{"start":{"line":32,"column":8},"end":{"line":32,"column":25}},"21":{"start":{"line":35,"column":6},"end":{"line":35,"column":60}},"22":{"start":{"line":39,"column":6},"end":{"line":58,"column":7}},"23":{"start":{"line":42,"column":8},"end":{"line":45,"column":9}},"24":{"start":{"line":43,"column":10},"end":{"line":43,"column":188}},"25":{"start":{"line":44,"column":10},"end":{"line":44,"column":139}},"26":{"start":{"line":47,"column":8},"end":{"line":55,"column":9}},"27":{"start":{"line":48,"column":10},"end":{"line":48,"column":46}},"28":{"start":{"line":49,"column":10},"end":{"line":49,"column":63}},"29":{"start":{"line":50,"column":10},"end":{"line":50,"column":41}},"30":{"start":{"line":52,"column":10},"end":{"line":52,"column":55}},"31":{"start":{"line":54,"column":10},"end":{"line":54,"column":22}},"32":{"start":{"line":57,"column":8},"end":{"line":57,"column":56}},"33":{"start":{"line":62,"column":0},"end":{"line":70,"column":2}},"34":{"start":{"line":63,"column":2},"end":{"line":63,"column":48}},"35":{"start":{"line":64,"column":2},"end":{"line":64,"column":56}},"36":{"start":{"line":65,"column":2},"end":{"line":65,"column":99}},"37":{"start":{"line":66,"column":2},"end":{"line":68,"column":3}},"38":{"start":{"line":67,"column":4},"end":{"line":67,"column":50}},"39":{"start":{"line":69,"column":2},"end":{"line":69,"column":24}},"40":{"start":{"line":72,"column":0},"end":{"line":74,"column":2}},"41":{"start":{"line":73,"column":2},"end":{"line":73,"column":38}},"42":{"start":{"line":76,"column":0},"end":{"line":91,"column":2}},"43":{"start":{"line":77,"column":2},"end":{"line":77,"column":51}},"44":{"start":{"line":78,"column":2},"end":{"line":78,"column":15}},"45":{"start":{"line":80,"column":2},"end":{"line":80,"column":94}},"46":{"start":{"line":81,"column":2},"end":{"line":81,"column":98}},"47":{"start":{"line":83,"column":2},"end":{"line":83,"column":42}},"48":{"start":{"line":86,"column":2},"end":{"line":86,"column":21}},"49":{"start":{"line":87,"column":2},"end":{"line":87,"column":16}},"50":{"start":{"line":88,"column":2},"end":{"line":88,"column":25}},"51":{"start":{"line":90,"column":2},"end":{"line":90,"column":14}},"52":{"start":{"line":93,"column":0},"end":{"line":93,"column":28}}},"branchMap":{"1":{"line":31,"type":"if","locations":[{"start":{"line":31,"column":6},"end":{"line":31,"column":6}},{"start":{"line":31,"column":6},"end":{"line":31,"column":6}}]},"2":{"line":39,"type":"if","locations":[{"start":{"line":39,"column":6},"end":{"line":39,"column":6}},{"start":{"line":39,"column":6},"end":{"line":39,"column":6}}]},"3":{"line":39,"type":"binary-expr","locations":[{"start":{"line":39,"column":10},"end":{"line":39,"column":37}},{"start":{"line":39,"column":41},"end":{"line":39,"column":67}},{"start":{"line":39,"column":71},"end":{"line":39,"column":92}}]},"4":{"line":42,"type":"if","locations":[{"start":{"line":42,"column":8},"end":{"line":42,"column":8}},{"start":{"line":42,"column":8},"end":{"line":42,"column":8}}]},"5":{"line":47,"type":"if","locations":[{"start":{"line":47,"column":8},"end":{"line":47,"column":8}},{"start":{"line":47,"column":8},"end":{"line":47,"column":8}}]},"6":{"line":47,"type":"binary-expr","locations":[{"start":{"line":47,"column":12},"end":{"line":47,"column":39}},{"start":{"line":47,"column":43},"end":{"line":47,"column":69}}]},"7":{"line":63,"type":"binary-expr","locations":[{"start":{"line":63,"column":28},"end":{"line":63,"column":34}},{"start":{"line":63,"column":38},"end":{"line":63,"column":47}}]},"8":{"line":66,"type":"if","locations":[{"start":{"line":66,"column":2},"end":{"line":66,"column":2}},{"start":{"line":66,"column":2},"end":{"line":66,"column":2}}]}}},"/Users/lzhu9/Develop/nightwatch-extra/lib/commands/getEls.js":{"path":"/Users/lzhu9/Develop/nightwatch-extra/lib/commands/getEls.js","s":{"1":1,"2":1,"3":1,"4":1,"5":1,"6":1,"7":1,"8":1,"9":1,"10":1,"11":15,"12":15,"13":15,"14":1,"15":1,"16":7,"17":7,"18":5,"19":5,"20":5,"21":5,"22":4,"23":1,"24":1,"25":4,"26":4,"27":4,"28":6,"29":4,"30":4,"31":4,"32":4,"33":0,"34":1,"35":1,"36":7,"37":1,"38":4,"39":4,"40":4,"41":4,"42":4,"43":4,"44":4,"45":4,"46":4,"47":1},"b":{"1":[5,0],"2":[4,1],"3":[5,1,1],"4":[1,3],"5":[4,0],"6":[4,0]},"f":{"1":15,"2":7,"3":5,"4":7,"5":4},"fnMap":{"1":{"name":"GetEls","line":15,"loc":{"start":{"line":15,"column":0},"end":{"line":15,"column":49}}},"2":{"name":"(anonymous_2)","line":23,"loc":{"start":{"line":23,"column":35},"end":{"line":23,"column":47}}},"3":{"name":"(anonymous_3)","line":28,"loc":{"start":{"line":28,"column":4},"end":{"line":28,"column":22}}},"4":{"name":"(anonymous_4)","line":66,"loc":{"start":{"line":66,"column":37},"end":{"line":66,"column":52}}},"5":{"name":"(anonymous_5)","line":70,"loc":{"start":{"line":70,"column":27},"end":{"line":70,"column":51}}}},"statementMap":{"1":{"start":{"line":1,"column":0},"end":{"line":1,"column":27}},"2":{"start":{"line":2,"column":0},"end":{"line":2,"column":31}},"3":{"start":{"line":4,"column":0},"end":{"line":4,"column":47}},"4":{"start":{"line":5,"column":0},"end":{"line":5,"column":52}},"5":{"start":{"line":9,"column":0},"end":{"line":9,"column":38}},"6":{"start":{"line":10,"column":0},"end":{"line":10,"column":47}},"7":{"start":{"line":11,"column":0},"end":{"line":11,"column":43}},"8":{"start":{"line":12,"column":0},"end":{"line":12,"column":33}},"9":{"start":{"line":13,"column":0},"end":{"line":13,"column":39}},"10":{"start":{"line":15,"column":0},"end":{"line":19,"column":1}},"11":{"start":{"line":16,"column":2},"end":{"line":16,"column":60}},"12":{"start":{"line":17,"column":2},"end":{"line":17,"column":57}},"13":{"start":{"line":18,"column":2},"end":{"line":18,"column":22}},"14":{"start":{"line":21,"column":0},"end":{"line":21,"column":37}},"15":{"start":{"line":23,"column":0},"end":{"line":64,"column":2}},"16":{"start":{"line":24,"column":2},"end":{"line":24,"column":18}},"17":{"start":{"line":26,"column":2},"end":{"line":63,"column":7}},"18":{"start":{"line":30,"column":6},"end":{"line":32,"column":7}},"19":{"start":{"line":31,"column":8},"end":{"line":31,"column":28}},"20":{"start":{"line":34,"column":6},"end":{"line":34,"column":60}},"21":{"start":{"line":38,"column":6},"end":{"line":62,"column":7}},"22":{"start":{"line":41,"column":8},"end":{"line":44,"column":9}},"23":{"start":{"line":42,"column":10},"end":{"line":42,"column":188}},"24":{"start":{"line":43,"column":10},"end":{"line":43,"column":139}},"25":{"start":{"line":46,"column":8},"end":{"line":59,"column":9}},"26":{"start":{"line":47,"column":10},"end":{"line":47,"column":23}},"27":{"start":{"line":48,"column":10},"end":{"line":52,"column":11}},"28":{"start":{"line":49,"column":12},"end":{"line":51,"column":15}},"29":{"start":{"line":53,"column":10},"end":{"line":53,"column":46}},"30":{"start":{"line":54,"column":10},"end":{"line":54,"column":63}},"31":{"start":{"line":55,"column":10},"end":{"line":55,"column":41}},"32":{"start":{"line":56,"column":10},"end":{"line":56,"column":25}},"33":{"start":{"line":58,"column":10},"end":{"line":58,"column":22}},"34":{"start":{"line":61,"column":8},"end":{"line":61,"column":56}},"35":{"start":{"line":66,"column":0},"end":{"line":68,"column":2}},"36":{"start":{"line":67,"column":2},"end":{"line":67,"column":29}},"37":{"start":{"line":70,"column":0},"end":{"line":85,"column":2}},"38":{"start":{"line":71,"column":2},"end":{"line":71,"column":51}},"39":{"start":{"line":72,"column":2},"end":{"line":72,"column":15}},"40":{"start":{"line":74,"column":2},"end":{"line":74,"column":94}},"41":{"start":{"line":75,"column":2},"end":{"line":75,"column":98}},"42":{"start":{"line":77,"column":2},"end":{"line":77,"column":42}},"43":{"start":{"line":80,"column":2},"end":{"line":80,"column":21}},"44":{"start":{"line":81,"column":2},"end":{"line":81,"column":16}},"45":{"start":{"line":82,"column":2},"end":{"line":82,"column":25}},"46":{"start":{"line":84,"column":2},"end":{"line":84,"column":14}},"47":{"start":{"line":87,"column":0},"end":{"line":87,"column":24}}},"branchMap":{"1":{"line":30,"type":"if","locations":[{"start":{"line":30,"column":6},"end":{"line":30,"column":6}},{"start":{"line":30,"column":6},"end":{"line":30,"column":6}}]},"2":{"line":38,"type":"if","locations":[{"start":{"line":38,"column":6},"end":{"line":38,"column":6}},{"start":{"line":38,"column":6},"end":{"line":38,"column":6}}]},"3":{"line":38,"type":"binary-expr","locations":[{"start":{"line":38,"column":10},"end":{"line":38,"column":37}},{"start":{"line":38,"column":41},"end":{"line":38,"column":67}},{"start":{"line":38,"column":71},"end":{"line":38,"column":92}}]},"4":{"line":41,"type":"if","locations":[{"start":{"line":41,"column":8},"end":{"line":41,"column":8}},{"start":{"line":41,"column":8},"end":{"line":41,"column":8}}]},"5":{"line":46,"type":"if","locations":[{"start":{"line":46,"column":8},"end":{"line":46,"column":8}},{"start":{"line":46,"column":8},"end":{"line":46,"column":8}}]},"6":{"line":46,"type":"binary-expr","locations":[{"start":{"line":46,"column":12},"end":{"line":46,"column":39}},{"start":{"line":46,"column":43},"end":{"line":46,"column":69}}]}}}}