TN:
SF:/Users/lzhu9/Develop/nightwatch-extra/lib/assertions/elContainsText.js
FN:14,ElContainsText
FN:22,(anonymous_2)
FN:27,(anonymous_3)
FN:60,(anonymous_4)
FN:79,(anonymous_5)
FN:89,(anonymous_6)
FNF:6
FNH:6
FNDA:9,ElContainsText
FNDA:4,(anonymous_2)
FNDA:4,(anonymous_3)
FNDA:4,(anonymous_4)
FNDA:4,(anonymous_5)
FNDA:4,(anonymous_6)
DA:3,1
DA:6,1
DA:8,1
DA:9,1
DA:10,1
DA:11,1
DA:12,1
DA:14,1
DA:15,9
DA:16,9
DA:17,9
DA:20,1
DA:22,1
DA:23,4
DA:25,4
DA:29,4
DA:30,4
DA:33,4
DA:37,4
DA:40,4
DA:41,0
DA:42,0
DA:45,4
DA:47,4
DA:48,4
DA:49,4
DA:50,4
DA:52,0
DA:55,0
DA:60,1
DA:61,4
DA:63,4
DA:64,4
DA:66,4
DA:68,4
DA:69,4
DA:71,4
DA:72,4
DA:73,4
DA:74,4
DA:76,4
DA:79,1
DA:80,4
DA:83,2
DA:85,2
DA:89,1
DA:90,4
DA:93,1
LF:48
LH:44
BRDA:29,1,0,4
BRDA:29,1,1,0
BRDA:37,2,0,4
BRDA:37,2,1,0
BRDA:37,3,0,4
BRDA:37,3,1,0
BRDA:37,3,2,0
BRDA:40,4,0,0
BRDA:40,4,1,4
BRDA:45,5,0,4
BRDA:45,5,1,0
BRDA:45,6,0,4
BRDA:45,6,1,4
BRDA:80,7,0,2
BRDA:80,7,1,2
BRDA:80,8,0,4
BRDA:80,8,1,4
BRDA:80,8,2,2
BRF:18
BRH:12
end_of_record
TN:
SF:/Users/lzhu9/Develop/nightwatch-extra/lib/util/selector.js
FN:15,(anonymous_1)
FN:17,(anonymous_2)
FN:35,(anonymous_3)
FNF:3
FNH:2
FNDA:38,(anonymous_1)
FNDA:0,(anonymous_2)
FNDA:59,(anonymous_3)
DA:1,1
DA:4,1
DA:16,38
DA:17,0
DA:19,0
DA:20,0
DA:23,38
DA:36,59
DA:38,59
DA:39,0
DA:42,59
LF:11
LH:7
BRDA:16,1,0,0
BRDA:16,1,1,38
BRDA:38,2,0,0
BRDA:38,2,1,59
BRF:4
BRH:2
end_of_record
TN:
SF:/Users/lzhu9/Develop/nightwatch-extra/lib/base-test-class.js
FN:11,(anonymous_1)
FN:20,(anonymous_2)
FN:34,(anonymous_3)
FN:50,(anonymous_4)
FN:75,(anonymous_5)
FN:90,(anonymous_6)
FN:98,(anonymous_7)
FN:107,(anonymous_8)
FN:121,(anonymous_9)
FN:132,(anonymous_10)
FN:156,(anonymous_11)
FN:188,(anonymous_12)
FN:200,(anonymous_13)
FN:203,(anonymous_14)
FN:206,(anonymous_15)
FNF:15
FNH:14
FNDA:1,(anonymous_1)
FNDA:1,(anonymous_2)
FNDA:1,(anonymous_3)
FNDA:1,(anonymous_4)
FNDA:7,(anonymous_5)
FNDA:7,(anonymous_6)
FNDA:28,(anonymous_7)
FNDA:4,(anonymous_8)
FNDA:1,(anonymous_9)
FNDA:0,(anonymous_10)
FNDA:1,(anonymous_11)
FNDA:1,(anonymous_12)
FNDA:1,(anonymous_13)
FNDA:1,(anonymous_14)
FNDA:1,(anonymous_15)
DA:5,1
DA:11,1
DA:13,1
DA:15,1
DA:16,1
DA:17,1
DA:20,1
DA:22,1
DA:24,1
DA:25,0
DA:26,0
DA:28,1
DA:31,1
DA:34,1
DA:35,1
DA:36,0
DA:40,0
DA:41,0
DA:50,1
DA:52,1
DA:53,0
DA:54,0
DA:55,0
DA:70,1
DA:71,1
DA:72,1
DA:75,1
DA:76,7
DA:77,7
DA:79,7
DA:80,7
DA:82,7
DA:83,7
DA:84,7
DA:87,7
DA:90,7
DA:91,7
DA:92,7
DA:94,0
DA:98,7
DA:99,28
DA:100,28
DA:101,28
DA:106,1
DA:108,4
DA:109,4
DA:110,4
DA:111,4
DA:115,4
DA:128,1
DA:129,1
DA:131,1
DA:132,0
DA:133,0
DA:134,0
DA:137,0
DA:140,1
DA:143,1
DA:144,1
DA:147,1
DA:148,1
DA:149,1
DA:157,1
DA:160,1
DA:163,1
DA:166,1
DA:167,1
DA:171,1
DA:172,1
DA:175,1
DA:176,1
DA:177,1
DA:178,1
DA:181,1
DA:189,1
DA:191,1
DA:192,1
DA:194,1
DA:195,0
DA:199,1
DA:201,1
DA:204,1
DA:207,1
DA:211,0
DA:213,1
DA:218,1
LF:86
LH:71
BRDA:24,1,0,0
BRDA:24,1,1,1
BRDA:35,2,0,0
BRDA:35,2,1,1
BRDA:40,3,0,0
BRDA:40,3,1,0
BRDA:52,4,0,0
BRDA:52,4,1,1
BRDA:54,5,0,0
BRDA:54,5,1,0
BRDA:59,6,0,0
BRDA:59,6,1,0
BRDA:82,7,0,7
BRDA:82,7,1,0
BRDA:91,8,0,7
BRDA:91,8,1,0
BRDA:99,9,0,28
BRDA:99,9,1,0
BRDA:100,10,0,28
BRDA:100,10,1,0
BRDA:128,11,0,1
BRDA:128,11,1,0
BRDA:131,12,0,0
BRDA:131,12,1,1
BRDA:133,13,0,0
BRDA:133,13,1,0
BRDA:133,14,0,0
BRDA:133,14,1,0
BRDA:134,15,0,0
BRDA:134,15,1,0
BRDA:143,16,0,1
BRDA:143,16,1,0
BRDA:147,17,0,1
BRDA:147,17,1,0
BRDA:157,18,0,1
BRDA:157,18,1,0
BRDA:160,19,0,1
BRDA:160,19,1,0
BRDA:160,20,0,1
BRDA:160,20,1,0
BRDA:166,21,0,1
BRDA:166,21,1,0
BRDA:171,22,0,1
BRDA:171,22,1,0
BRDA:175,23,0,1
BRDA:175,23,1,0
BRDA:194,24,0,0
BRDA:194,24,1,1
BRDA:194,25,0,1
BRDA:194,25,1,0
BRDA:207,26,0,0
BRDA:207,26,1,1
BRF:52
BRH:20
end_of_record
TN:
SF:/Users/lzhu9/Develop/nightwatch-extra/lib/settings.js
FN:8,(anonymous_1)
FN:31,(anonymous_2)
FN:46,(anonymous_3)
FNF:3
FNH:2
FNDA:1,(anonymous_1)
FNDA:3,(anonymous_2)
FNDA:0,(anonymous_3)
DA:1,1
DA:2,1
DA:3,1
DA:8,1
DA:11,1
DA:14,1
DA:15,0
DA:19,1
DA:22,1
DA:25,1
DA:27,1
DA:31,1
DA:32,3
DA:33,3
DA:35,3
DA:36,3
DA:37,3
DA:42,3
DA:43,2
DA:44,0
DA:45,0
DA:46,0
DA:47,0
DA:49,0
DA:51,2
DA:54,1
DA:55,1
DA:56,1
DA:62,1
DA:65,1
DA:71,1
DA:72,1
DA:73,0
DA:75,1
DA:81,1
DA:82,1
DA:83,1
DA:84,1
DA:86,1
DA:87,1
DA:90,1
DA:93,1
DA:95,1
LF:43
LH:36
BRDA:14,1,0,0
BRDA:14,1,1,1
BRDA:42,2,0,2
BRDA:42,2,1,1
BRDA:43,3,0,0
BRDA:43,3,1,2
BRDA:72,4,0,0
BRDA:72,4,1,1
BRDA:82,5,0,1
BRDA:82,5,1,1
BRDA:87,6,0,1
BRDA:87,6,1,0
BRDA:87,7,0,1
BRDA:87,7,1,1
BRF:14
BRH:10
end_of_record
TN:
SF:/Users/lzhu9/Develop/nightwatch-extra/lib/selenium-session-acquisition-wrapper.js
FN:3,(anonymous_1)
FN:4,(anonymous_2)
FN:21,(anonymous_3)
FN:22,(anonymous_4)
FN:33,(anonymous_5)
FNF:5
FNH:2
FNDA:0,(anonymous_1)
FNDA:0,(anonymous_2)
FNDA:7,(anonymous_3)
FNDA:7,(anonymous_4)
FNDA:0,(anonymous_5)
DA:1,1
DA:3,1
DA:4,0
DA:5,0
DA:6,0
DA:10,0
DA:11,0
DA:20,1
DA:22,7
DA:23,7
DA:32,7
DA:33,7
DA:34,0
DA:35,0
LF:14
LH:7
BRDA:5,1,0,0
BRDA:5,1,1,0
BRDA:10,2,0,0
BRDA:10,2,1,0
BRDA:23,3,0,0
BRDA:23,3,1,7
BRF:6
BRH:1
end_of_record
TN:
SF:/Users/lzhu9/Develop/nightwatch-extra/lib/assertions/base/baseElAssertion.js
FN:11,BaseAssertion
FN:40,(anonymous_2)
FN:46,(anonymous_3)
FN:64,(anonymous_4)
FN:75,(anonymous_5)
FN:118,(anonymous_6)
FN:132,(anonymous_7)
FNF:7
FNH:7
FNDA:81,BaseAssertion
FNDA:37,(anonymous_2)
FNDA:34,(anonymous_3)
FNDA:32,(anonymous_4)
FNDA:32,(anonymous_5)
FNDA:17,(anonymous_6)
FNDA:13,(anonymous_7)
DA:1,1
DA:2,1
DA:4,1
DA:5,1
DA:6,1
DA:7,1
DA:8,1
DA:9,1
DA:11,1
DA:12,81
DA:13,81
DA:14,81
DA:15,81
DA:16,81
DA:17,81
DA:18,81
DA:20,81
DA:27,81
DA:28,81
DA:31,81
DA:32,20
DA:36,1
DA:38,1
DA:40,1
DA:41,37
DA:43,37
DA:44,37
DA:46,37
DA:47,34
DA:48,34
DA:49,34
DA:50,34
DA:51,16
DA:54,34
DA:56,19
DA:57,19
DA:58,19
DA:64,1
DA:65,32
DA:67,32
DA:68,32
DA:70,32
DA:71,32
DA:72,32
DA:73,32
DA:75,32
DA:76,32
DA:77,0
DA:79,32
DA:85,28
DA:86,4
DA:89,2
DA:104,2
DA:105,2
DA:106,2
DA:107,2
DA:109,2
DA:111,2
DA:112,2
DA:118,1
DA:119,17
DA:120,17
DA:122,17
DA:129,17
DA:132,1
DA:133,13
DA:135,13
DA:136,13
DA:139,1
LF:69
LH:68
BRDA:27,1,0,81
BRDA:27,1,1,0
BRDA:31,2,0,20
BRDA:31,2,1,61
BRDA:50,3,0,16
BRDA:50,3,1,18
BRDA:54,4,0,19
BRDA:54,4,1,15
BRDA:54,5,0,34
BRDA:54,5,1,16
BRDA:54,5,2,15
BRDA:54,5,3,19
BRDA:54,5,4,18
BRDA:76,6,0,0
BRDA:76,6,1,32
BRDA:79,7,0,28
BRDA:79,7,1,4
BRDA:79,8,0,32
BRDA:79,8,1,32
BRDA:79,8,2,28
BRDA:86,9,0,2
BRDA:86,9,1,2
BRDA:86,10,0,4
BRDA:86,10,1,4
BRDA:86,10,2,4
BRDA:86,10,3,2
BRF:26
BRH:24
end_of_record
TN:
SF:/Users/lzhu9/Develop/nightwatch-extra/lib/util/statsd.js
FN:14,statd
FNF:1
FNH:1
FNDA:28,statd
DA:1,1
DA:3,1
DA:4,1
DA:7,1
DA:8,1
DA:9,1
DA:10,1
DA:11,1
DA:14,1
DA:35,28
DA:36,28
DA:37,28
DA:38,28
DA:39,28
DA:41,28
DA:42,26
DA:45,2
DA:55,2
DA:57,2
DA:58,2
DA:59,2
LF:21
LH:21
BRDA:7,1,0,0
BRDA:7,1,1,1
BRDA:35,2,0,2
BRDA:35,2,1,26
BRDA:36,3,0,2
BRDA:36,3,1,26
BRDA:37,4,0,2
BRDA:37,4,1,26
BRDA:38,5,0,2
BRDA:38,5,1,26
BRDA:39,6,0,2
BRDA:39,6,1,26
BRDA:41,7,0,26
BRDA:41,7,1,2
BRDA:41,8,0,28
BRDA:41,8,1,2
BRDA:41,8,2,2
BRDA:48,9,0,2
BRDA:48,9,1,0
BRDA:49,10,0,2
BRDA:49,10,1,0
BRDA:55,11,0,2
BRDA:55,11,1,0
BRF:23
BRH:19
end_of_record
TN:
SF:/Users/lzhu9/Develop/nightwatch-extra/lib/assertions/elLengthGreaterThan.js
FN:12,ElLengthGreaterThan
FN:20,(anonymous_2)
FN:25,(anonymous_3)
FN:59,(anonymous_4)
FN:80,(anonymous_5)
FN:88,(anonymous_6)
FNF:6
FNH:6
FNDA:21,ElLengthGreaterThan
FNDA:10,(anonymous_2)
FNDA:10,(anonymous_3)
FNDA:10,(anonymous_4)
FNDA:10,(anonymous_5)
FNDA:10,(anonymous_6)
DA:1,1
DA:4,1
DA:6,1
DA:7,1
DA:8,1
DA:9,1
DA:10,1
DA:12,1
DA:13,21
DA:14,21
DA:15,21
DA:18,1
DA:20,1
DA:21,10
DA:23,10
DA:28,10
DA:29,10
DA:32,10
DA:36,10
DA:39,10
DA:40,0
DA:41,0
DA:44,10
DA:46,10
DA:47,10
DA:48,10
DA:49,10
DA:51,0
DA:54,0
DA:59,1
DA:60,10
DA:62,10
DA:63,10
DA:64,10
DA:66,10
DA:68,10
DA:69,10
DA:71,10
DA:72,10
DA:74,10
DA:75,10
DA:77,10
DA:80,1
DA:81,10
DA:82,2
DA:84,8
DA:88,1
DA:89,10
DA:90,10
DA:92,2
DA:93,2
DA:95,2
DA:96,2
DA:98,2
DA:99,2
DA:101,4
DA:102,4
DA:104,10
DA:107,1
LF:59
LH:55
BRDA:28,1,0,10
BRDA:28,1,1,0
BRDA:36,2,0,10
BRDA:36,2,1,0
BRDA:36,3,0,10
BRDA:36,3,1,0
BRDA:36,3,2,0
BRDA:39,4,0,0
BRDA:39,4,1,10
BRDA:44,5,0,10
BRDA:44,5,1,0
BRDA:44,6,0,10
BRDA:44,6,1,10
BRDA:81,7,0,2
BRDA:81,7,1,8
BRDA:81,8,0,10
BRDA:81,8,1,10
BRDA:90,9,0,2
BRDA:90,9,1,2
BRDA:90,9,2,2
BRDA:90,9,3,4
BRF:21
BRH:15
end_of_record
TN:
SF:/Users/lzhu9/Develop/nightwatch-extra/lib/assertions/elNotContainsText.js
FN:14,ElContainsText
FN:22,(anonymous_2)
FN:27,(anonymous_3)
FN:60,(anonymous_4)
FN:79,(anonymous_5)
FN:89,(anonymous_6)
FNF:6
FNH:6
FNDA:9,ElContainsText
FNDA:4,(anonymous_2)
FNDA:4,(anonymous_3)
FNDA:4,(anonymous_4)
FNDA:4,(anonymous_5)
FNDA:4,(anonymous_6)
DA:3,1
DA:6,1
DA:8,1
DA:9,1
DA:10,1
DA:11,1
DA:12,1
DA:14,1
DA:15,9
DA:16,9
DA:17,9
DA:20,1
DA:22,1
DA:23,4
DA:25,4
DA:29,4
DA:30,4
DA:33,4
DA:37,4
DA:40,4
DA:41,0
DA:42,0
DA:45,4
DA:47,4
DA:48,4
DA:49,4
DA:50,4
DA:52,0
DA:55,0
DA:60,1
DA:61,4
DA:63,4
DA:64,4
DA:66,4
DA:68,4
DA:69,4
DA:71,4
DA:72,4
DA:73,4
DA:74,4
DA:76,4
DA:79,1
DA:80,4
DA:83,2
DA:85,2
DA:89,1
DA:90,4
DA:93,1
LF:48
LH:44
BRDA:29,1,0,4
BRDA:29,1,1,0
BRDA:37,2,0,4
BRDA:37,2,1,0
BRDA:37,3,0,4
BRDA:37,3,1,0
BRDA:37,3,2,0
BRDA:40,4,0,0
BRDA:40,4,1,4
BRDA:45,5,0,4
BRDA:45,5,1,0
BRDA:45,6,0,4
BRDA:45,6,1,4
BRDA:80,7,0,2
BRDA:80,7,1,2
BRDA:80,8,0,4
BRDA:80,8,1,4
BRDA:80,8,2,2
BRF:18
BRH:12
end_of_record
TN:
SF:/Users/lzhu9/Develop/nightwatch-extra/lib/assertions/elValueContains.js
FN:14,ElValueContains
FN:22,(anonymous_2)
FN:27,(anonymous_3)
FN:60,(anonymous_4)
FN:79,(anonymous_5)
FN:89,(anonymous_6)
FNF:6
FNH:6
FNDA:9,ElValueContains
FNDA:4,(anonymous_2)
FNDA:4,(anonymous_3)
FNDA:4,(anonymous_4)
FNDA:4,(anonymous_5)
FNDA:4,(anonymous_6)
DA:3,1
DA:6,1
DA:8,1
DA:9,1
DA:10,1
DA:11,1
DA:12,1
DA:14,1
DA:15,9
DA:16,9
DA:17,9
DA:20,1
DA:22,1
DA:23,4
DA:25,4
DA:29,4
DA:30,4
DA:33,4
DA:37,4
DA:40,4
DA:41,0
DA:42,0
DA:45,4
DA:47,4
DA:48,4
DA:49,4
DA:50,4
DA:52,0
DA:55,0
DA:60,1
DA:61,4
DA:63,4
DA:64,4
DA:66,4
DA:68,4
DA:69,4
DA:71,4
DA:72,4
DA:73,4
DA:74,4
DA:76,4
DA:79,1
DA:80,4
DA:83,2
DA:85,2
DA:89,1
DA:90,4
DA:93,1
LF:48
LH:44
BRDA:29,1,0,4
BRDA:29,1,1,0
BRDA:37,2,0,4
BRDA:37,2,1,0
BRDA:37,3,0,4
BRDA:37,3,1,0
BRDA:37,3,2,0
BRDA:40,4,0,0
BRDA:40,4,1,4
BRDA:45,5,0,4
BRDA:45,5,1,0
BRDA:45,6,0,4
BRDA:45,6,1,4
BRDA:80,7,0,2
BRDA:80,7,1,2
BRDA:80,8,0,4
BRDA:80,8,1,4
BRDA:80,8,2,2
BRF:18
BRH:12
end_of_record
TN:
SF:/Users/lzhu9/Develop/nightwatch-extra/lib/assertions/selectorHasLength.js
FN:14,SelectorHasLength
FN:22,(anonymous_2)
FN:27,(anonymous_3)
FN:60,(anonymous_4)
FN:79,(anonymous_5)
FN:87,(anonymous_6)
FNF:6
FNH:6
FNDA:9,SelectorHasLength
FNDA:4,(anonymous_2)
FNDA:4,(anonymous_3)
FNDA:4,(anonymous_4)
FNDA:4,(anonymous_5)
FNDA:4,(anonymous_6)
DA:3,1
DA:6,1
DA:8,1
DA:9,1
DA:10,1
DA:11,1
DA:12,1
DA:14,1
DA:15,9
DA:16,9
DA:17,9
DA:20,1
DA:22,1
DA:23,4
DA:25,4
DA:29,4
DA:30,4
DA:33,4
DA:37,4
DA:40,4
DA:41,0
DA:42,0
DA:45,4
DA:47,4
DA:48,4
DA:49,4
DA:50,4
DA:52,0
DA:55,0
DA:60,1
DA:61,4
DA:63,4
DA:64,4
DA:66,4
DA:68,4
DA:69,4
DA:71,4
DA:72,4
DA:73,4
DA:74,4
DA:76,4
DA:79,1
DA:80,4
DA:81,2
DA:83,2
DA:87,1
DA:88,4
DA:91,1
LF:48
LH:44
BRDA:29,1,0,4
BRDA:29,1,1,0
BRDA:37,2,0,4
BRDA:37,2,1,0
BRDA:37,3,0,4
BRDA:37,3,1,0
BRDA:37,3,2,0
BRDA:40,4,0,0
BRDA:40,4,1,4
BRDA:45,5,0,4
BRDA:45,5,1,0
BRDA:45,6,0,4
BRDA:45,6,1,4
BRDA:80,7,0,2
BRDA:80,7,1,2
BRDA:80,8,0,4
BRDA:80,8,1,4
BRF:17
BRH:11
end_of_record
TN:
SF:/Users/lzhu9/Develop/nightwatch-extra/lib/commands/base/baseElCommand.js
FN:12,BaseElCommand
FN:42,(anonymous_2)
FN:48,(anonymous_3)
FN:66,(anonymous_4)
FN:77,(anonymous_5)
FN:119,(anonymous_6)
FN:138,(anonymous_7)
FNF:7
FNH:7
FNDA:69,BaseElCommand
FNDA:32,(anonymous_2)
FNDA:26,(anonymous_3)
FNDA:27,(anonymous_4)
FNDA:27,(anonymous_5)
FNDA:9,(anonymous_6)
FNDA:9,(anonymous_7)
DA:1,1
DA:2,1
DA:3,1
DA:4,1
DA:6,1
DA:7,1
DA:8,1
DA:9,1
DA:10,1
DA:12,1
DA:13,69
DA:15,69
DA:16,69
DA:17,69
DA:18,69
DA:19,69
DA:20,69
DA:22,69
DA:29,69
DA:30,69
DA:33,69
DA:34,15
DA:38,1
DA:40,1
DA:42,1
DA:43,32
DA:45,32
DA:46,32
DA:48,32
DA:49,26
DA:50,26
DA:51,26
DA:52,26
DA:53,13
DA:56,26
DA:58,14
DA:59,14
DA:60,14
DA:66,1
DA:67,27
DA:69,27
DA:70,27
DA:72,27
DA:73,27
DA:74,27
DA:75,27
DA:77,27
DA:78,27
DA:79,0
DA:81,27
DA:87,17
DA:88,10
DA:91,2
DA:106,8
DA:107,8
DA:108,8
DA:109,8
DA:111,8
DA:113,8
DA:114,8
DA:119,1
DA:120,9
DA:121,9
DA:122,9
DA:124,9
DA:131,9
DA:132,2
DA:134,9
DA:138,1
DA:139,9
DA:140,9
DA:141,9
DA:142,9
DA:143,9
DA:144,0
DA:146,9
DA:149,1
LF:77
LH:75
BRDA:29,1,0,69
BRDA:29,1,1,0
BRDA:33,2,0,15
BRDA:33,2,1,54
BRDA:52,3,0,13
BRDA:52,3,1,13
BRDA:56,4,0,14
BRDA:56,4,1,12
BRDA:56,5,0,26
BRDA:56,5,1,13
BRDA:56,5,2,12
BRDA:56,5,3,14
BRDA:56,5,4,13
BRDA:78,6,0,0
BRDA:78,6,1,27
BRDA:81,7,0,17
BRDA:81,7,1,10
BRDA:81,8,0,27
BRDA:81,8,1,27
BRDA:81,8,2,17
BRDA:88,9,0,2
BRDA:88,9,1,8
BRDA:88,10,0,10
BRDA:88,10,1,10
BRDA:88,10,2,10
BRDA:88,10,3,2
BRDA:120,11,0,9
BRDA:120,11,1,0
BRDA:131,12,0,2
BRDA:131,12,1,7
BRDA:139,13,0,9
BRDA:139,13,1,8
BRDA:140,14,0,9
BRDA:140,14,1,8
BRDA:143,15,0,0
BRDA:143,15,1,9
BRF:36
BRH:32
end_of_record
TN:
SF:/Users/lzhu9/Develop/nightwatch-extra/lib/commands/getEl.js
FN:15,GetEl
FN:23,(anonymous_2)
FN:28,(anonymous_3)
FN:64,(anonymous_4)
FN:68,(anonymous_5)
FNF:5
FNH:5
FNDA:15,GetEl
FNDA:7,(anonymous_2)
FNDA:5,(anonymous_3)
FNDA:7,(anonymous_4)
FNDA:4,(anonymous_5)
DA:1,1
DA:2,1
DA:4,1
DA:5,1
DA:9,1
DA:10,1
DA:11,1
DA:12,1
DA:13,1
DA:15,1
DA:16,15
DA:17,15
DA:18,15
DA:21,1
DA:23,1
DA:25,7
DA:26,7
DA:29,5
DA:31,5
DA:32,5
DA:35,5
DA:37,5
DA:41,5
DA:44,4
DA:45,1
DA:46,1
DA:49,4
DA:51,4
DA:52,4
DA:53,4
DA:54,4
DA:56,0
DA:59,1
DA:64,1
DA:65,7
DA:68,1
DA:69,4
DA:70,4
DA:72,4
DA:73,4
DA:75,4
DA:78,4
DA:79,4
DA:80,4
DA:82,4
DA:85,1
LF:46
LH:45
BRDA:31,1,0,5
BRDA:31,1,1,0
BRDA:41,2,0,4
BRDA:41,2,1,1
BRDA:41,3,0,5
BRDA:41,3,1,1
BRDA:41,3,2,1
BRDA:44,4,0,1
BRDA:44,4,1,3
BRDA:49,5,0,4
BRDA:49,5,1,0
BRDA:49,6,0,4
BRDA:49,6,1,4
BRF:13
BRH:11
end_of_record
TN:
SF:/Users/lzhu9/Develop/nightwatch-extra/lib/commands/getElValue.js
FN:15,GetElValue
FN:24,(anonymous_2)
FN:29,(anonymous_3)
FN:62,(anonymous_4)
FN:72,(anonymous_5)
FN:76,(anonymous_6)
FNF:6
FNH:6
FNDA:15,GetElValue
FNDA:7,(anonymous_2)
FNDA:5,(anonymous_3)
FNDA:4,(anonymous_4)
FNDA:7,(anonymous_5)
FNDA:4,(anonymous_6)
DA:1,1
DA:2,1
DA:4,1
DA:5,1
DA:9,1
DA:10,1
DA:11,1
DA:12,1
DA:13,1
DA:15,1
DA:16,15
DA:17,15
DA:18,15
DA:19,15
DA:22,1
DA:24,1
DA:25,7
DA:27,7
DA:31,5
DA:32,5
DA:35,5
DA:39,5
DA:42,4
DA:43,1
DA:44,1
DA:47,4
DA:48,4
DA:49,4
DA:50,4
DA:52,4
DA:54,0
DA:57,1
DA:62,1
DA:63,4
DA:64,4
DA:65,4
DA:66,4
DA:67,2
DA:69,4
DA:72,1
DA:73,7
DA:76,1
DA:77,4
DA:78,4
DA:80,4
DA:81,4
DA:83,4
DA:86,4
DA:87,4
DA:88,4
DA:90,4
DA:93,1
LF:52
LH:51
BRDA:31,1,0,5
BRDA:31,1,1,0
BRDA:39,2,0,4
BRDA:39,2,1,1
BRDA:39,3,0,5
BRDA:39,3,1,1
BRDA:39,3,2,1
BRDA:42,4,0,1
BRDA:42,4,1,3
BRDA:47,5,0,4
BRDA:47,5,1,0
BRDA:47,6,0,4
BRDA:47,6,1,0
BRDA:63,7,0,4
BRDA:63,7,1,0
BRDA:66,8,0,2
BRDA:66,8,1,2
BRF:17
BRH:13
end_of_record
TN:
SF:/Users/lzhu9/Develop/nightwatch-extra/lib/commands/getEls.js
FN:15,GetEls
FN:23,(anonymous_2)
FN:28,(anonymous_3)
FN:66,(anonymous_4)
FN:70,(anonymous_5)
FNF:5
FNH:5
FNDA:15,GetEls
FNDA:7,(anonymous_2)
FNDA:5,(anonymous_3)
FNDA:7,(anonymous_4)
FNDA:4,(anonymous_5)
DA:1,1
DA:2,1
DA:4,1
DA:5,1
DA:9,1
DA:10,1
DA:11,1
DA:12,1
DA:13,1
DA:15,1
DA:16,15
DA:17,15
DA:18,15
DA:21,1
DA:23,1
DA:24,7
DA:26,7
DA:30,5
DA:31,5
DA:34,5
DA:38,5
DA:41,4
DA:42,1
DA:43,1
DA:46,4
DA:47,4
DA:48,4
DA:49,6
DA:53,4
DA:54,4
DA:55,4
DA:56,4
DA:58,0
DA:61,1
DA:66,1
DA:67,7
DA:70,1
DA:71,4
DA:72,4
DA:74,4
DA:75,4
DA:77,4
DA:80,4
DA:81,4
DA:82,4
DA:84,4
DA:87,1
LF:47
LH:46
BRDA:30,1,0,5
BRDA:30,1,1,0
BRDA:38,2,0,4
BRDA:38,2,1,1
BRDA:38,3,0,5
BRDA:38,3,1,1
BRDA:38,3,2,1
BRDA:41,4,0,1
BRDA:41,4,1,3
BRDA:46,5,0,4
BRDA:46,5,1,0
BRDA:46,6,0,4
BRDA:46,6,1,0
BRF:13
BRH:10
end_of_record
